# stats: dump at 1404831749
stats: users 0 0
# stats: dump at 1404831759
stats: users 0 1
stats: session 1 718.14599609375 0 718.14599609375 718.14599609375 0 0
stats: users_count 1 1
stats: finish_users_count 1 1
stats: request 1 713.85791015625 0.0 713.85791015625 713.85791015625 0 0
stats: page 1 713.85791015625 0.0 713.85791015625 713.85791015625 0 0
stats: connect 1 52.0390625 0.0 52.0390625 52.0390625 0 0
stats: 200 1 1
stats: size_rcv 7674 7674
stats: size_sent 234 234
stats: connected 0 0
# stats: dump at 1404831769
stats: users 0 2
stats: session 2 1689.1656494140625 965.6715087890625 2654.837158203125 718.14599609375 718.14599609375 1
stats: users_count 2 3
stats: finish_users_count 2 3
stats: request 2 1687.6715087890625 965.4515380859375 2653.123046875 713.85791015625 713.85791015625 1
stats: page 2 1687.6715087890625 965.4515380859375 2653.123046875 713.85791015625 713.85791015625 1
stats: connect 2 2.1790771484375 0.2301025390625 52.0390625 1.948974609375 52.0390625 1
stats: 200 2 3
stats: size_rcv 18745 26419
stats: size_sent 468 702
stats: connected 0 0
# stats: dump at 1404831779
stats: users 0 2
stats: session 0 0 0 2654.837158203125 718.14599609375 1365.492431640625 3
stats: users_count 0 3
stats: finish_users_count 0 3
stats: request 0 0 0 2653.123046875 713.85791015625 1363.0669759114583 3
stats: page 0 0 0 2653.123046875 713.85791015625 1363.0669759114583 3
stats: connect 0 0 0 52.0390625 1.948974609375 18.799072265625 3
stats: 200 0 3
stats: size_rcv 0 26419
stats: size_sent 0 702
stats: connected 0 0
# stats: dump at 1404831789
stats: users 0 2
stats: session 0 0 0 2654.837158203125 718.14599609375 1365.492431640625 3
stats: users_count 0 3
stats: finish_users_count 0 3
stats: request 0 0 0 2653.123046875 713.85791015625 1363.0669759114583 3
stats: page 0 0 0 2653.123046875 713.85791015625 1363.0669759114583 3
stats: connect 0 0 0 52.0390625 1.948974609375 18.799072265625 3
stats: 200 0 3
stats: size_rcv 0 26419
stats: size_sent 0 702
stats: connected 0 0
# stats: dump at 1404831799
stats: users 0 2
stats: session 0 0 0 2654.837158203125 718.14599609375 1365.492431640625 3
stats: users_count 0 3
stats: finish_users_count 0 3
stats: request 0 0 0 2653.123046875 713.85791015625 1363.0669759114583 3
stats: page 0 0 0 2653.123046875 713.85791015625 1363.0669759114583 3
stats: connect 0 0 0 52.0390625 1.948974609375 18.799072265625 3
stats: 200 0 3
stats: size_rcv 0 26419
stats: size_sent 0 702
stats: connected 0 0
# stats: dump at 1404831809
stats: users 0 2
stats: session 0 0 0 2654.837158203125 718.14599609375 1365.492431640625 3
stats: users_count 0 3
stats: finish_users_count 0 3
stats: request 0 0 0 2653.123046875 713.85791015625 1363.0669759114583 3
stats: page 0 0 0 2653.123046875 713.85791015625 1363.0669759114583 3
stats: connect 0 0 0 52.0390625 1.948974609375 18.799072265625 3
stats: 200 0 3
stats: size_rcv 0 26419
stats: size_sent 0 702
stats: connected 0 0
# stats: dump at 1404831819
stats: users 0 2
stats: session 0 0 0 2654.837158203125 718.14599609375 1365.492431640625 3
stats: users_count 0 3
stats: finish_users_count 0 3
stats: request 0 0 0 2653.123046875 713.85791015625 1363.0669759114583 3
stats: page 0 0 0 2653.123046875 713.85791015625 1363.0669759114583 3
stats: connect 0 0 0 52.0390625 1.948974609375 18.799072265625 3
stats: 200 0 3
stats: size_rcv 0 26419
stats: size_sent 0 702
stats: connected 0 0
# stats: dump at 1404831829
stats: users 0 2
stats: session 1 1172.676025390625 0.0 2654.837158203125 718.14599609375 1365.492431640625 3
stats: users_count 1 4
stats: finish_users_count 1 4
stats: request 1 1170.81005859375 0.0 2653.123046875 713.85791015625 1363.0669759114583 3
stats: page 1 1170.81005859375 0.0 2653.123046875 713.85791015625 1363.0669759114583 3
stats: connect 1 7.841796875 0.0 52.0390625 1.948974609375 18.799072265625 3
stats: 200 1 4
stats: size_rcv 5342 31761
stats: size_sent 234 936
stats: connected 0 0
# stats: dump at 1404831839
stats: users 0 2
stats: session 0 0 0 2654.837158203125 718.14599609375 1317.288330078125 4
stats: users_count 0 4
stats: finish_users_count 0 4
stats: request 0 0 0 2653.123046875 713.85791015625 1315.0027465820313 4
stats: page 0 0 0 2653.123046875 713.85791015625 1315.0027465820313 4
stats: connect 0 0 0 52.0390625 1.948974609375 16.05975341796875 4
stats: 200 0 4
stats: size_rcv 0 31761
stats: size_sent 0 936
stats: connected 0 0
# stats: dump at 1404831849
stats: users 0 2
stats: session 0 0 0 2654.837158203125 718.14599609375 1317.288330078125 4
stats: users_count 0 4
stats: finish_users_count 0 4
stats: request 0 0 0 2653.123046875 713.85791015625 1315.0027465820313 4
stats: page 0 0 0 2653.123046875 713.85791015625 1315.0027465820313 4
stats: connect 0 0 0 52.0390625 1.948974609375 16.05975341796875 4
stats: 200 0 4
stats: size_rcv 0 31761
stats: size_sent 0 936
stats: connected 0 0
# stats: dump at 1404831859
stats: users 0 2
stats: session 0 0 0 2654.837158203125 718.14599609375 1317.288330078125 4
stats: users_count 0 4
stats: finish_users_count 0 4
stats: request 0 0 0 2653.123046875 713.85791015625 1315.0027465820313 4
stats: page 0 0 0 2653.123046875 713.85791015625 1315.0027465820313 4
stats: connect 0 0 0 52.0390625 1.948974609375 16.05975341796875 4
stats: 200 0 4
stats: size_rcv 0 31761
stats: size_sent 0 936
stats: connected 0 0
# stats: dump at 1404831869
stats: users 0 2
stats: session 0 0 0 2654.837158203125 718.14599609375 1317.288330078125 4
stats: users_count 0 4
stats: finish_users_count 0 4
stats: request 0 0 0 2653.123046875 713.85791015625 1315.0027465820313 4
stats: page 0 0 0 2653.123046875 713.85791015625 1315.0027465820313 4
stats: connect 0 0 0 52.0390625 1.948974609375 16.05975341796875 4
stats: 200 0 4
stats: size_rcv 0 31761
stats: size_sent 0 936
stats: connected 0 0
# stats: dump at 1404831879
stats: users 0 2
stats: session 0 0 0 2654.837158203125 718.14599609375 1317.288330078125 4
stats: users_count 0 4
stats: finish_users_count 0 4
stats: request 0 0 0 2653.123046875 713.85791015625 1315.0027465820313 4
stats: page 0 0 0 2653.123046875 713.85791015625 1315.0027465820313 4
stats: connect 0 0 0 52.0390625 1.948974609375 16.05975341796875 4
stats: 200 0 4
stats: size_rcv 0 31761
stats: size_sent 0 936
stats: connected 0 0
# stats: dump at 1404831885
stats: users 0 2
stats: session 0 0 0 2654.837158203125 718.14599609375 1317.288330078125 4
stats: users_count 0 4
stats: finish_users_count 0 4
stats: request 0 0 0 2653.123046875 713.85791015625 1315.0027465820313 4
stats: page 0 0 0 2653.123046875 713.85791015625 1315.0027465820313 4
stats: connect 0 0 0 52.0390625 1.948974609375 16.05975341796875 4
stats: 200 0 4
stats: size_rcv 0 31761
stats: size_sent 0 936
stats: connected 0 0
EndMonitor:{1404,831885,556310}
