Could not find/open font when opening font "/usr/share/fonts/truetype/ttf-liberation/LiberationSans-Regular.ttf", using internal non-scalable font

	title is " rate", offset at ((character units) 0, 0, 0)


	title is " mean", offset at ((character units) 0, 0, 0)


	title is " stdvar", offset at ((character units) 0, 0, 0)

Warning: empty y range [0:0], adjusting to [-1:1]

	title is " max_sample", offset at ((character units) 0, 0, 0)

Warning: empty y range [675655:675655], adjusting to [668898:682411]

	title is " min_sample", offset at ((character units) 0, 0, 0)

Warning: empty y range [675655:675655], adjusting to [668898:682411]

	title is " rate", offset at ((character units) 0, 0, 0)


	title is " mean", offset at ((character units) 0, 0, 0)


	title is " stdvar", offset at ((character units) 0, 0, 0)

Warning: empty y range [0:0], adjusting to [-1:1]

	title is " max_sample", offset at ((character units) 0, 0, 0)

Warning: empty y range [675655:675655], adjusting to [668898:682411]

	title is " min_sample", offset at ((character units) 0, 0, 0)

Warning: empty y range [675655:675655], adjusting to [668898:682411]
Could not find/open font when opening font "/usr/share/fonts/truetype/ttf-liberation/LiberationSans-Regular.ttf", using internal non-scalable font

	title is " rate", offset at ((character units) 0, 0, 0)


	title is " total", offset at ((character units) 0, 0, 0)


	title is " rate", offset at ((character units) 0, 0, 0)


	title is " total", offset at ((character units) 0, 0, 0)

Could not find/open font when opening font "/usr/share/fonts/truetype/ttf-liberation/LiberationSans-Regular.ttf", using internal non-scalable font

	title is " rate", offset at ((character units) 0, 0, 0)


	title is " mean", offset at ((character units) 0, 0, 0)


	title is " stdvar", offset at ((character units) 0, 0, 0)


	title is " max_sample", offset at ((character units) 0, 0, 0)


	title is " min_sample", offset at ((character units) 0, 0, 0)


	title is " rate", offset at ((character units) 0, 0, 0)


	title is " mean", offset at ((character units) 0, 0, 0)


	title is " stdvar", offset at ((character units) 0, 0, 0)


	title is " max_sample", offset at ((character units) 0, 0, 0)


	title is " min_sample", offset at ((character units) 0, 0, 0)

Could not find/open font when opening font "/usr/share/fonts/truetype/ttf-liberation/LiberationSans-Regular.ttf", using internal non-scalable font

	title is " rate", offset at ((character units) 0, 0, 0)


	title is " mean", offset at ((character units) 0, 0, 0)


	title is " stdvar", offset at ((character units) 0, 0, 0)


	title is " max_sample", offset at ((character units) 0, 0, 0)

Warning: empty y range [52215.6:52215.6], adjusting to [51693.5:52737.8]

	title is " min_sample", offset at ((character units) 0, 0, 0)


	title is " rate", offset at ((character units) 0, 0, 0)


	title is " mean", offset at ((character units) 0, 0, 0)


	title is " stdvar", offset at ((character units) 0, 0, 0)


	title is " max_sample", offset at ((character units) 0, 0, 0)

Warning: empty y range [52215.6:52215.6], adjusting to [51693.5:52737.8]

	title is " min_sample", offset at ((character units) 0, 0, 0)

Could not find/open font when opening font "/usr/share/fonts/truetype/ttf-liberation/LiberationSans-Regular.ttf", using internal non-scalable font

	title is " simultaneous", offset at ((character units) 0, 0, 0)


	title is " maximum_simultaneous", offset at ((character units) 0, 0, 0)


	title is " simultaneous", offset at ((character units) 0, 0, 0)


	title is " maximum_simultaneous", offset at ((character units) 0, 0, 0)

Could not find/open font when opening font "/usr/share/fonts/truetype/ttf-liberation/LiberationSans-Regular.ttf", using internal non-scalable font

	title is " rate", offset at ((character units) 0, 0, 0)


	title is " total", offset at ((character units) 0, 0, 0)

Warning: empty y range [1:1], adjusting to [0.99:1.01]

	title is " rate", offset at ((character units) 0, 0, 0)


	title is " total", offset at ((character units) 0, 0, 0)

Warning: empty y range [1:1], adjusting to [0.99:1.01]
Could not find/open font when opening font "/usr/share/fonts/truetype/ttf-liberation/LiberationSans-Regular.ttf", using internal non-scalable font

	title is " rate", offset at ((character units) 0, 0, 0)


	title is " total", offset at ((character units) 0, 0, 0)


	title is " rate", offset at ((character units) 0, 0, 0)


	title is " total", offset at ((character units) 0, 0, 0)

