# stats: dump at 1404836351
stats: users 0 0
# stats: dump at 1404836361
stats: users 1 1
stats: users_count 1 1
stats: connect 1 15.27197265625 0.0 15.27197265625 15.27197265625 0 0
stats: size_sent 260 260
stats: connected 1 1
# stats: dump at 1404836371
stats: users 1 1
stats: users_count 0 1
stats: connect 0 0 0 15.27197265625 15.27197265625 15.27197265625 1
stats: size_sent 0 260
stats: connected 0 1
# stats: dump at 1404836381
stats: users 1 1
stats: users_count 0 1
stats: connect 0 0 0 15.27197265625 15.27197265625 15.27197265625 1
stats: size_sent 0 260
stats: connected 0 1
# stats: dump at 1404836391
stats: users 1 1
stats: users_count 0 1
stats: connect 0 0 0 15.27197265625 15.27197265625 15.27197265625 1
stats: size_sent 0 260
stats: connected 0 1
# stats: dump at 1404836401
stats: users 1 1
stats: users_count 0 1
stats: connect 0 0 0 15.27197265625 15.27197265625 15.27197265625 1
stats: size_sent 0 260
stats: connected 0 1
# stats: dump at 1404836411
stats: users 1 1
stats: users_count 0 1
stats: request 1 52215.641845703125 0.0 52215.641845703125 52215.641845703125 0 0
stats: page 1 52215.641845703125 0.0 52215.641845703125 52215.641845703125 0 0
stats: connect 0 0 0 15.27197265625 15.27197265625 15.27197265625 1
stats: 200 1 1
stats: size_rcv 5638 5638
stats: size_sent 357 617
stats: connected 0 1
# stats: dump at 1404836421
stats: users 1 1
stats: users_count 0 1
stats: request 0 0 0 52215.641845703125 52215.641845703125 52215.641845703125 1
stats: page 0 0 0 52215.641845703125 52215.641845703125 52215.641845703125 1
stats: connect 0 0 0 15.27197265625 15.27197265625 15.27197265625 1
stats: 200 0 1
stats: size_rcv 0 5638
stats: size_sent 0 617
stats: connected 0 1
# stats: dump at 1404836431
stats: users 1 1
stats: users_count 0 1
stats: request 1 14718.97802734375 0.0 52215.641845703125 14718.97802734375 52215.641845703125 1
stats: page 1 14718.97802734375 0.0 52215.641845703125 14718.97802734375 52215.641845703125 1
stats: connect 0 0 0 15.27197265625 15.27197265625 15.27197265625 1
stats: 200 1 2
stats: size_rcv 5716 11354
stats: size_sent 357 974
stats: connected 0 1
# stats: dump at 1404836441
stats: users 1 1
stats: users_count 0 1
stats: request 1 14139.7431640625 0.0 52215.641845703125 14139.7431640625 33467.30993652344 2
stats: page 1 14139.7431640625 0.0 52215.641845703125 14139.7431640625 33467.30993652344 2
stats: connect 0 0 0 15.27197265625 15.27197265625 15.27197265625 1
stats: 200 1 3
stats: size_rcv 5697 17051
stats: size_sent 357 1331
stats: connected 0 1
# stats: dump at 1404836451
stats: users 1 1
stats: users_count 0 1
stats: request 1 9092.630126953125 0.0 52215.641845703125 9092.630126953125 27024.787679036457 3
stats: page 1 9092.630126953125 0.0 52215.641845703125 9092.630126953125 27024.787679036457 3
stats: connect 0 0 0 15.27197265625 15.27197265625 15.27197265625 1
stats: 200 1 4
stats: size_rcv 5672 22723
stats: size_sent 357 1688
stats: connected 0 1
# stats: dump at 1404836461
stats: users 1 1
stats: users_count 0 1
stats: request 1 9191.9990234375 0.0 52215.641845703125 9092.630126953125 22541.748291015625 4
stats: page 1 9191.9990234375 0.0 52215.641845703125 9092.630126953125 22541.748291015625 4
stats: connect 0 0 0 15.27197265625 15.27197265625 15.27197265625 1
stats: 200 1 5
stats: size_rcv 5684 28407
stats: size_sent 358 2046
stats: connected 0 1
# stats: dump at 1404836471
stats: users 1 1
stats: users_count 0 1
stats: request 1 9248.279052734375 0.0 52215.641845703125 9092.630126953125 19871.7984375 5
stats: page 1 9248.279052734375 0.0 52215.641845703125 9092.630126953125 19871.7984375 5
stats: connect 0 0 0 15.27197265625 15.27197265625 15.27197265625 1
stats: 200 1 6
stats: size_rcv 5784 34191
stats: size_sent 358 2404
stats: connected 0 1
# stats: dump at 1404836481
stats: users 1 1
stats: users_count 0 1
stats: request 1 9178.131103515625 0.0 52215.641845703125 9092.630126953125 18101.211873372395 6
stats: page 1 9178.131103515625 0.0 52215.641845703125 9092.630126953125 18101.211873372395 6
stats: connect 0 0 0 15.27197265625 15.27197265625 15.27197265625 1
stats: 200 1 7
stats: size_rcv 5786 39977
stats: size_sent 358 2762
stats: connected 0 1
# stats: dump at 1404836491
stats: users 1 1
stats: users_count 0 1
stats: request 1 9184.967041015625 0.0 52215.641845703125 9092.630126953125 16826.48604910714 7
stats: page 1 9184.967041015625 0.0 52215.641845703125 9092.630126953125 16826.48604910714 7
stats: connect 0 0 0 15.27197265625 15.27197265625 15.27197265625 1
stats: 200 1 8
stats: size_rcv 5713 45690
stats: size_sent 358 3120
stats: connected 0 1
# stats: dump at 1404836501
stats: users 1 1
stats: users_count 0 1
stats: request 1 14252.26806640625 0.0 52215.641845703125 9092.630126953125 15871.296173095701 8
stats: page 1 14252.26806640625 0.0 52215.641845703125 9092.630126953125 15871.296173095701 8
stats: connect 0 0 0 15.27197265625 15.27197265625 15.27197265625 1
stats: 200 1 9
stats: size_rcv 5732 51422
stats: size_sent 357 3477
stats: connected 0 1
# stats: dump at 1404836511
stats: users 1 1
stats: users_count 0 1
stats: request 0 0 0 52215.641845703125 9092.630126953125 15691.40416124132 9
stats: page 0 0 0 52215.641845703125 9092.630126953125 15691.40416124132 9
stats: connect 0 0 0 15.27197265625 15.27197265625 15.27197265625 1
stats: 200 0 9
stats: size_rcv 0 51422
stats: size_sent 0 3477
stats: connected 0 1
# stats: dump at 1404836521
stats: users 1 1
stats: users_count 0 1
stats: request 2 11909.1640625 2498.85595703125 52215.641845703125 9092.630126953125 15691.40416124132 9
stats: page 2 11909.1640625 2498.85595703125 52215.641845703125 9092.630126953125 15691.40416124132 9
stats: connect 0 0 0 15.27197265625 15.27197265625 15.27197265625 1
stats: 200 2 11
stats: size_rcv 11458 62880
stats: size_sent 716 4193
stats: connected 0 1
# stats: dump at 1404836531
stats: users 1 1
stats: users_count 0 1
stats: request 1 9818.73095703125 0.0 52215.641845703125 9092.630126953125 15003.724143288353 11
stats: page 1 9818.73095703125 0.0 52215.641845703125 9092.630126953125 15003.724143288353 11
stats: connect 0 0 0 15.27197265625 15.27197265625 15.27197265625 1
stats: 200 1 12
stats: size_rcv 5662 68542
stats: size_sent 357 4550
stats: connected 0 1
# stats: dump at 1404836541
stats: users 1 1
stats: users_count 0 1
stats: request 1 9469.10888671875 0.0 52215.641845703125 9092.630126953125 14571.641377766928 12
stats: page 1 9469.10888671875 0.0 52215.641845703125 9092.630126953125 14571.641377766928 12
stats: connect 0 0 0 15.27197265625 15.27197265625 15.27197265625 1
stats: 200 1 13
stats: size_rcv 5729 74271
stats: size_sent 358 4908
stats: connected 0 1
# stats: dump at 1404836551
stats: users 1 1
stats: users_count 0 1
stats: request 0 0 0 52215.641845703125 9092.630126953125 14179.13887845553 13
stats: page 0 0 0 52215.641845703125 9092.630126953125 14179.13887845553 13
stats: connect 0 0 0 15.27197265625 15.27197265625 15.27197265625 1
stats: 200 0 13
stats: size_rcv 0 74271
stats: size_sent 0 4908
stats: connected 0 1
# stats: dump at 1404836561
stats: users 1 1
stats: users_count 0 1
stats: request 1 14502.156982421875 0.0 52215.641845703125 9092.630126953125 14179.13887845553 13
stats: page 1 14502.156982421875 0.0 52215.641845703125 9092.630126953125 14179.13887845553 13
stats: connect 0 0 0 15.27197265625 15.27197265625 15.27197265625 1
stats: 200 1 14
stats: size_rcv 5736 80007
stats: size_sent 358 5266
stats: connected 0 1
# stats: dump at 1404836571
stats: users 1 1
stats: users_count 0 1
stats: request 1 14499.583984375 0.0 52215.641845703125 9092.630126953125 14202.211600167411 14
stats: page 1 14499.583984375 0.0 52215.641845703125 9092.630126953125 14202.211600167411 14
stats: connect 0 0 0 15.27197265625 15.27197265625 15.27197265625 1
stats: 200 1 15
stats: size_rcv 5723 85730
stats: size_sent 357 5623
stats: connected 0 1
# stats: dump at 1404836581
stats: users 1 1
stats: users_count 0 1
stats: request 0 0 0 52215.641845703125 9092.630126953125 14222.03642578125 15
stats: page 0 0 0 52215.641845703125 9092.630126953125 14222.03642578125 15
stats: connect 0 0 0 15.27197265625 15.27197265625 15.27197265625 1
stats: 200 0 15
stats: size_rcv 0 85730
stats: size_sent 0 5623
stats: connected 0 1
# stats: dump at 1404836591
stats: users 1 1
stats: users_count 0 1
stats: request 1 14580.51611328125 0.0 52215.641845703125 9092.630126953125 14222.03642578125 15
stats: page 1 14580.51611328125 0.0 52215.641845703125 9092.630126953125 14222.03642578125 15
stats: connect 0 0 0 15.27197265625 15.27197265625 15.27197265625 1
stats: 200 1 16
stats: size_rcv 5724 91454
stats: size_sent 358 5981
stats: connected 0 1
# stats: dump at 1404836601
stats: users 1 1
stats: users_count 0 1
stats: request 1 9669.571044921875 0.0 52215.641845703125 9092.630126953125 14244.44140625 16
stats: page 1 9669.571044921875 0.0 52215.641845703125 9092.630126953125 14244.44140625 16
stats: connect 0 0 0 15.27197265625 15.27197265625 15.27197265625 1
stats: 200 1 17
stats: size_rcv 5726 97180
stats: size_sent 358 6339
stats: connected 0 1
# stats: dump at 1404836611
stats: users 1 1
stats: users_count 0 1
stats: request 1 9535.864990234375 0.0 52215.641845703125 9092.630126953125 13975.331384995405 17
stats: page 1 9535.864990234375 0.0 52215.641845703125 9092.630126953125 13975.331384995405 17
stats: connect 0 0 0 15.27197265625 15.27197265625 15.27197265625 1
stats: 200 1 18
stats: size_rcv 5729 102909
stats: size_sent 358 6697
stats: connected 0 1
# stats: dump at 1404836621
stats: users 1 1
stats: users_count 0 1
stats: request 1 9554.56103515625 0.0 52215.641845703125 9092.630126953125 13728.694363064236 18
stats: page 1 9554.56103515625 0.0 52215.641845703125 9092.630126953125 13728.694363064236 18
stats: connect 0 0 0 15.27197265625 15.27197265625 15.27197265625 1
stats: 200 1 19
stats: size_rcv 5718 108627
stats: size_sent 357 7054
stats: connected 0 1
# stats: dump at 1404836631
stats: users 1 1
stats: users_count 0 1
stats: request 1 9739.399169921875 0.0 52215.641845703125 9092.630126953125 13509.003135279605 19
stats: page 1 9739.399169921875 0.0 52215.641845703125 9092.630126953125 13509.003135279605 19
stats: connect 0 0 0 15.27197265625 15.27197265625 15.27197265625 1
stats: 200 1 20
stats: size_rcv 5663 114290
stats: size_sent 358 7412
stats: connected 0 1
# stats: dump at 1404836641
stats: users 1 1
stats: users_count 0 1
stats: request 1 9751.72607421875 0.0 52215.641845703125 9092.630126953125 13320.52293701172 20
stats: page 1 9751.72607421875 0.0 52215.641845703125 9092.630126953125 13320.52293701172 20
stats: connect 0 0 0 15.27197265625 15.27197265625 15.27197265625 1
stats: 200 1 21
stats: size_rcv 5731 120021
stats: size_sent 358 7770
stats: connected 0 1
# stats: dump at 1404836651
stats: users 1 1
stats: users_count 0 1
stats: request 1 14764.68701171875 0.0 52215.641845703125 9092.630126953125 13150.580229259673 21
stats: page 1 14764.68701171875 0.0 52215.641845703125 9092.630126953125 13150.580229259673 21
stats: connect 0 0 0 15.27197265625 15.27197265625 15.27197265625 1
stats: 200 1 22
stats: size_rcv 5730 125751
stats: size_sent 358 8128
stats: connected 0 1
# stats: dump at 1404836661
stats: users 1 1
stats: users_count 0 1
stats: request 0 0 0 52215.641845703125 9092.630126953125 13223.948719371449 22
stats: page 0 0 0 52215.641845703125 9092.630126953125 13223.948719371449 22
stats: connect 0 0 0 15.27197265625 15.27197265625 15.27197265625 1
stats: 200 0 22
stats: size_rcv 0 125751
stats: size_sent 0 8128
stats: connected 0 1
# stats: dump at 1404836671
stats: users 1 1
stats: users_count 0 1
stats: request 0 0 0 52215.641845703125 9092.630126953125 13223.948719371449 22
stats: page 0 0 0 52215.641845703125 9092.630126953125 13223.948719371449 22
stats: connect 0 0 0 15.27197265625 15.27197265625 15.27197265625 1
stats: 200 0 22
stats: size_rcv 0 125751
stats: size_sent 0 8128
stats: connected 0 1
# stats: dump at 1404836681
stats: users 1 1
stats: users_count 0 1
stats: request 1 24810.98193359375 0.0 52215.641845703125 9092.630126953125 13223.948719371449 22
stats: page 1 24810.98193359375 0.0 52215.641845703125 9092.630126953125 13223.948719371449 22
stats: connect 0 0 0 15.27197265625 15.27197265625 15.27197265625 1
stats: 200 1 23
stats: size_rcv 5708 131459
stats: size_sent 358 8486
stats: connected 0 1
# stats: dump at 1404836691
stats: users 1 1
stats: users_count 0 1
stats: request 1 9943.27001953125 0.0 52215.641845703125 9092.630126953125 13727.732772163723 23
stats: page 1 9943.27001953125 0.0 52215.641845703125 9092.630126953125 13727.732772163723 23
stats: connect 0 0 0 15.27197265625 15.27197265625 15.27197265625 1
stats: 200 1 24
stats: size_rcv 5706 137165
stats: size_sent 358 8844
stats: connected 0 1
# stats: dump at 1404836701
stats: users 1 1
stats: users_count 0 1
stats: request 1 14842.2451171875 0.0 52215.641845703125 9092.630126953125 13570.04682413737 24
stats: page 1 14842.2451171875 0.0 52215.641845703125 9092.630126953125 13570.04682413737 24
stats: connect 0 0 0 15.27197265625 15.27197265625 15.27197265625 1
stats: 200 1 25
stats: size_rcv 5818 142983
stats: size_sent 358 9202
stats: connected 0 1
# stats: dump at 1404836711
stats: users 1 1
stats: users_count 0 1
stats: request 1 10259.631103515625 0.0 52215.641845703125 9092.630126953125 13620.934755859374 25
stats: page 1 10259.631103515625 0.0 52215.641845703125 9092.630126953125 13620.934755859374 25
stats: connect 0 0 0 15.27197265625 15.27197265625 15.27197265625 1
stats: 200 1 26
stats: size_rcv 5795 148778
stats: size_sent 358 9560
stats: connected 0 1
# stats: dump at 1404836721
stats: users 1 1
stats: users_count 0 1
stats: request 1 10182.708984375 0.0 52215.641845703125 9092.630126953125 13491.653846153846 26
stats: page 1 10182.708984375 0.0 52215.641845703125 9092.630126953125 13491.653846153846 26
stats: connect 0 0 0 15.27197265625 15.27197265625 15.27197265625 1
stats: 200 1 27
stats: size_rcv 5737 154515
stats: size_sent 358 9918
stats: connected 0 1
# stats: dump at 1404836731
stats: users 1 1
stats: users_count 0 1
stats: request 1 10152.05908203125 0.0 52215.641845703125 9092.630126953125 13369.10033275463 27
stats: page 1 10152.05908203125 0.0 52215.641845703125 9092.630126953125 13369.10033275463 27
stats: connect 0 0 0 15.27197265625 15.27197265625 15.27197265625 1
stats: 200 1 28
stats: size_rcv 5748 160263
stats: size_sent 358 10276
stats: connected 0 1
# stats: dump at 1404836741
stats: users 1 1
stats: users_count 0 1
stats: request 0 0 0 52215.641845703125 9092.630126953125 13254.206002371651 28
stats: page 0 0 0 52215.641845703125 9092.630126953125 13254.206002371651 28
stats: connect 0 0 0 15.27197265625 15.27197265625 15.27197265625 1
stats: 200 0 28
stats: size_rcv 0 160263
stats: size_sent 0 10276
stats: connected 0 1
# stats: dump at 1404836751
stats: users 1 1
stats: users_count 0 1
stats: request 1 15249.948974609375 0.0 52215.641845703125 9092.630126953125 13254.206002371651 28
stats: page 1 15249.948974609375 0.0 52215.641845703125 9092.630126953125 13254.206002371651 28
stats: connect 0 0 0 15.27197265625 15.27197265625 15.27197265625 1
stats: 200 1 29
stats: size_rcv 5762 166025
stats: size_sent 357 10633
stats: connected 0 1
# stats: dump at 1404836761
stats: users 1 1
stats: users_count 0 1
stats: request 1 10893.5478515625 0.0 52215.641845703125 9092.630126953125 13323.024725552263 29
stats: page 1 10893.5478515625 0.0 52215.641845703125 9092.630126953125 13323.024725552263 29
stats: connect 0 0 0 15.27197265625 15.27197265625 15.27197265625 1
stats: 200 1 30
stats: size_rcv 5756 171781
stats: size_sent 358 10991
stats: connected 0 1
# stats: dump at 1404836771
stats: users 1 1
stats: users_count 0 1
stats: request 1 10551.97998046875 0.0 52215.641845703125 9092.630126953125 13242.042163085938 30
stats: page 1 10551.97998046875 0.0 52215.641845703125 9092.630126953125 13242.042163085938 30
stats: connect 0 0 0 15.27197265625 15.27197265625 15.27197265625 1
stats: 200 1 31
stats: size_rcv 5778 177559
stats: size_sent 358 11349
stats: connected 0 1
# stats: dump at 1404836781
stats: users 1 1
stats: users_count 0 1
stats: request 0 0 0 52215.641845703125 9092.630126953125 13155.265963646674 31
stats: page 0 0 0 52215.641845703125 9092.630126953125 13155.265963646674 31
stats: connect 0 0 0 15.27197265625 15.27197265625 15.27197265625 1
stats: 200 0 31
stats: size_rcv 0 177559
stats: size_sent 0 11349
stats: connected 0 1
# stats: dump at 1404836791
stats: users 1 1
stats: users_count 0 1
stats: request 1 20527.89990234375 0.0 52215.641845703125 9092.630126953125 13155.265963646674 31
stats: page 1 20527.89990234375 0.0 52215.641845703125 9092.630126953125 13155.265963646674 31
stats: connect 0 0 0 15.27197265625 15.27197265625 15.27197265625 1
stats: 200 1 32
stats: size_rcv 5764 183323
stats: size_sent 358 11707
stats: connected 0 1
# stats: dump at 1404836801
stats: users 1 1
stats: users_count 0 1
stats: request 1 10266.787109375 0.0 52215.641845703125 9092.630126953125 13385.660774230957 32
stats: page 1 10266.787109375 0.0 52215.641845703125 9092.630126953125 13385.660774230957 32
stats: connect 0 0 0 15.27197265625 15.27197265625 15.27197265625 1
stats: 200 1 33
stats: size_rcv 5751 189074
stats: size_sent 358 12065
stats: connected 0 1
# stats: dump at 1404836811
stats: users 1 1
stats: users_count 0 1
stats: request 1 10435.6669921875 0.0 52215.641845703125 9092.630126953125 13291.149451053503 33
stats: page 1 10435.6669921875 0.0 52215.641845703125 9092.630126953125 13291.149451053503 33
stats: connect 0 0 0 15.27197265625 15.27197265625 15.27197265625 1
stats: 200 1 34
stats: size_rcv 5695 194769
stats: size_sent 358 12423
stats: connected 0 1
# stats: dump at 1404836821
stats: users 1 1
stats: users_count 0 1
stats: request 1 10256.31591796875 0.0 52215.641845703125 9092.630126953125 13207.164672851563 34
stats: page 1 10256.31591796875 0.0 52215.641845703125 9092.630126953125 13207.164672851563 34
stats: connect 0 0 0 15.27197265625 15.27197265625 15.27197265625 1
stats: 200 1 35
stats: size_rcv 5766 200535
stats: size_sent 358 12781
stats: connected 0 1
# stats: dump at 1404836831
stats: users 1 1
stats: users_count 0 1
stats: request 1 10473.636962890625 0.0 52215.641845703125 9092.630126953125 13122.85470842634 35
stats: page 1 10473.636962890625 0.0 52215.641845703125 9092.630126953125 13122.85470842634 35
stats: connect 0 0 0 15.27197265625 15.27197265625 15.27197265625 1
stats: 200 1 36
stats: size_rcv 5759 206294
stats: size_sent 357 13138
stats: connected 0 1
# stats: dump at 1404836841
stats: users 1 1
stats: users_count 0 1
stats: request 1 10655.409912109375 0.0 52215.641845703125 9092.630126953125 13049.265326605902 36
stats: page 1 10655.409912109375 0.0 52215.641845703125 9092.630126953125 13049.265326605902 36
stats: connect 0 0 0 15.27197265625 15.27197265625 15.27197265625 1
stats: 200 1 37
stats: size_rcv 5705 211999
stats: size_sent 358 13496
stats: connected 0 1
# stats: dump at 1404836851
stats: users 1 1
stats: users_count 0 1
stats: request 0 0 0 52215.641845703125 9092.630126953125 12984.56653161951 37
stats: page 0 0 0 52215.641845703125 9092.630126953125 12984.56653161951 37
stats: connect 0 0 0 15.27197265625 15.27197265625 15.27197265625 1
stats: 200 0 37
stats: size_rcv 0 211999
stats: size_sent 0 13496
stats: connected 0 1
# stats: dump at 1404836861
stats: users 1 1
stats: users_count 0 1
stats: request 1 20425.52490234375 0.0 52215.641845703125 9092.630126953125 12984.56653161951 37
stats: page 1 20425.52490234375 0.0 52215.641845703125 9092.630126953125 12984.56653161951 37
stats: connect 0 0 0 15.27197265625 15.27197265625 15.27197265625 1
stats: 200 1 38
stats: size_rcv 5721 217720
stats: size_sent 358 13854
stats: connected 0 1
# stats: dump at 1404836871
stats: users 1 1
stats: users_count 0 1
stats: request 0 0 0 52215.641845703125 9092.630126953125 13180.381225585938 38
stats: page 0 0 0 52215.641845703125 9092.630126953125 13180.381225585938 38
stats: connect 0 0 0 15.27197265625 15.27197265625 15.27197265625 1
stats: 200 0 38
stats: size_rcv 0 217720
stats: size_sent 0 13854
stats: connected 0 1
# stats: dump at 1404836881
stats: users 1 1
stats: users_count 0 1
stats: request 1 15482.59814453125 0.0 52215.641845703125 9092.630126953125 13180.381225585938 38
stats: page 1 15482.59814453125 0.0 52215.641845703125 9092.630126953125 13180.381225585938 38
stats: connect 0 0 0 15.27197265625 15.27197265625 15.27197265625 1
stats: 200 1 39
stats: size_rcv 5737 223457
stats: size_sent 358 14212
stats: connected 0 1
# stats: dump at 1404836891
stats: users 1 1
stats: users_count 0 1
stats: request 1 15487.0078125 0.0 52215.641845703125 9092.630126953125 13239.412428635816 39
stats: page 1 15487.0078125 0.0 52215.641845703125 9092.630126953125 13239.412428635816 39
stats: connect 0 0 0 15.27197265625 15.27197265625 15.27197265625 1
stats: 200 1 40
stats: size_rcv 5740 229197
stats: size_sent 358 14570
stats: connected 0 1
# stats: dump at 1404836901
stats: users 1 1
stats: users_count 0 1
stats: request 0 0 0 52215.641845703125 9092.630126953125 13295.602313232423 40
stats: page 0 0 0 52215.641845703125 9092.630126953125 13295.602313232423 40
stats: connect 0 0 0 15.27197265625 15.27197265625 15.27197265625 1
stats: 200 0 40
stats: size_rcv 0 229197
stats: size_sent 0 14570
stats: connected 0 1
# stats: dump at 1404836911
stats: users 1 1
stats: users_count 0 1
stats: request 1 15468.808837890625 0.0 52215.641845703125 9092.630126953125 13295.602313232423 40
stats: page 1 15468.808837890625 0.0 52215.641845703125 9092.630126953125 13295.602313232423 40
stats: connect 0 0 0 15.27197265625 15.27197265625 15.27197265625 1
stats: 200 1 41
stats: size_rcv 5752 234949
stats: size_sent 358 14928
stats: connected 0 1
# stats: dump at 1404836921
stats: users 1 1
stats: users_count 0 1
stats: request 1 10563.220947265625 0.0 52215.641845703125 9092.630126953125 13348.607350419208 41
stats: page 1 10563.220947265625 0.0 52215.641845703125 9092.630126953125 13348.607350419208 41
stats: connect 0 0 0 15.27197265625 15.27197265625 15.27197265625 1
stats: 200 1 42
stats: size_rcv 5751 240700
stats: size_sent 357 15285
stats: connected 0 1
# stats: dump at 1404836931
stats: users 1 1
stats: users_count 0 1
stats: request 1 15686.294921875 0.0 52215.641845703125 9092.630126953125 13282.288626534599 42
stats: page 1 15686.294921875 0.0 52215.641845703125 9092.630126953125 13282.288626534599 42
stats: connect 0 0 0 15.27197265625 15.27197265625 15.27197265625 1
stats: 200 1 43
stats: size_rcv 5766 246466
stats: size_sent 358 15643
stats: connected 0 1
# stats: dump at 1404836941
stats: users 1 1
stats: users_count 0 1
stats: request 0 0 0 52215.641845703125 9092.630126953125 13338.195749682049 43
stats: page 0 0 0 52215.641845703125 9092.630126953125 13338.195749682049 43
stats: connect 0 0 0 15.27197265625 15.27197265625 15.27197265625 1
stats: 200 0 43
stats: size_rcv 0 246466
stats: size_sent 0 15643
stats: connected 0 1
# stats: dump at 1404836951
stats: users 1 1
stats: users_count 0 1
stats: request 1 15570.91015625 0.0 52215.641845703125 9092.630126953125 13338.195749682049 43
stats: page 1 15570.91015625 0.0 52215.641845703125 9092.630126953125 13338.195749682049 43
stats: connect 0 0 0 15.27197265625 15.27197265625 15.27197265625 1
stats: 200 1 44
stats: size_rcv 5725 252191
stats: size_sent 358 16001
stats: connected 0 1
# stats: dump at 1404836961
stats: users 1 1
stats: users_count 0 1
stats: request 1 10719.05419921875 0.0 52215.641845703125 9092.630126953125 13388.93925892223 44
stats: page 1 10719.05419921875 0.0 52215.641845703125 9092.630126953125 13388.93925892223 44
stats: connect 0 0 0 15.27197265625 15.27197265625 15.27197265625 1
stats: 200 1 45
stats: size_rcv 5766 257957
stats: size_sent 358 16359
stats: connected 0 1
# stats: dump at 1404836971
stats: users 1 1
stats: users_count 0 1
stats: request 0 0 0 52215.641845703125 9092.630126953125 13329.608479817709 45
stats: page 0 0 0 52215.641845703125 9092.630126953125 13329.608479817709 45
stats: connect 0 0 0 15.27197265625 15.27197265625 15.27197265625 1
stats: 200 0 45
stats: size_rcv 0 257957
stats: size_sent 0 16359
stats: connected 0 1
# stats: dump at 1404836981
stats: users 1 1
stats: users_count 0 1
stats: request 1 20720.486083984375 0.0 52215.641845703125 9092.630126953125 13329.608479817709 45
stats: page 1 20720.486083984375 0.0 52215.641845703125 9092.630126953125 13329.608479817709 45
stats: connect 0 0 0 15.27197265625 15.27197265625 15.27197265625 1
stats: 200 1 46
stats: size_rcv 5768 263725
stats: size_sent 358 16717
stats: connected 0 1
# stats: dump at 1404836991
stats: users 1 1
stats: users_count 0 1
stats: request 1 10799.29296875 0.0 52215.641845703125 9092.630126953125 13490.279732082201 46
stats: page 1 10799.29296875 0.0 52215.641845703125 9092.630126953125 13490.279732082201 46
stats: connect 0 0 0 15.27197265625 15.27197265625 15.27197265625 1
stats: 200 1 47
stats: size_rcv 5740 269465
stats: size_sent 358 17075
stats: connected 0 1
# stats: dump at 1404837001
stats: users 1 1
stats: users_count 0 1
stats: request 1 10543.492919921875 0.0 52215.641845703125 9092.630126953125 13433.024694564494 47
stats: page 1 10543.492919921875 0.0 52215.641845703125 9092.630126953125 13433.024694564494 47
stats: connect 0 0 0 15.27197265625 15.27197265625 15.27197265625 1
stats: 200 1 48
stats: size_rcv 5820 275285
stats: size_sent 358 17433
stats: connected 0 1
# stats: dump at 1404837011
stats: users 1 1
stats: users_count 0 1
stats: request 1 11135.02783203125 0.0 52215.641845703125 9092.630126953125 13372.826115926107 48
stats: page 1 11135.02783203125 0.0 52215.641845703125 9092.630126953125 13372.826115926107 48
stats: connect 0 0 0 15.27197265625 15.27197265625 15.27197265625 1
stats: 200 1 49
stats: size_rcv 5753 281038
stats: size_sent 358 17791
stats: connected 0 1
# stats: dump at 1404837021
stats: users 1 1
stats: users_count 0 1
stats: request 1 11291.380859375 0.0 52215.641845703125 9092.630126953125 13327.15676319356 49
stats: page 1 11291.380859375 0.0 52215.641845703125 9092.630126953125 13327.15676319356 49
stats: connect 0 0 0 15.27197265625 15.27197265625 15.27197265625 1
stats: 200 1 50
stats: size_rcv 5660 286698
stats: size_sent 359 18150
stats: connected 0 1
# stats: dump at 1404837031
stats: users 0 1
stats: session 1 675654.5690917969 0 675654.5690917969 675654.5690917969 0 0
stats: users_count 0 1
stats: finish_users_count 1 1
stats: request 0 0 0 52215.641845703125 9092.630126953125 13286.441245117188 50
stats: page 0 0 0 52215.641845703125 9092.630126953125 13286.441245117188 50
stats: connect 0 0 0 15.27197265625 15.27197265625 15.27197265625 1
stats: 200 0 50
stats: size_rcv 0 286698
stats: size_sent 0 18150
stats: connected 0 1
# stats: dump at 1404837041
stats: users 0 1
stats: session 0 0 0 675654.5690917969 675654.5690917969 675654.5690917969 1
stats: users_count 0 1
stats: finish_users_count 0 1
stats: request 1 11321.363037109375 0.0 52215.641845703125 9092.630126953125 13286.441245117188 50
stats: page 1 11321.363037109375 0.0 52215.641845703125 9092.630126953125 13286.441245117188 50
stats: connect 0 0 0 15.27197265625 15.27197265625 15.27197265625 1
stats: 200 1 51
stats: size_rcv 5752 292450
stats: size_sent 0 18150
stats: connected -1 0
# stats: dump at 1404837051
stats: users 0 1
stats: session 0 0 0 675654.5690917969 675654.5690917969 675654.5690917969 1
stats: users_count 0 1
stats: finish_users_count 0 1
stats: request 0 0 0 52215.641845703125 9092.630126953125 13247.910299862133 51
stats: page 0 0 0 52215.641845703125 9092.630126953125 13247.910299862133 51
stats: connect 0 0 0 15.27197265625 15.27197265625 15.27197265625 1
stats: 200 0 51
stats: size_rcv 0 292450
stats: size_sent 0 18150
stats: connected 0 0
# stats: dump at 1404837061
stats: users 0 1
stats: session 0 0 0 675654.5690917969 675654.5690917969 675654.5690917969 1
stats: users_count 0 1
stats: finish_users_count 0 1
stats: request 0 0 0 52215.641845703125 9092.630126953125 13247.910299862133 51
stats: page 0 0 0 52215.641845703125 9092.630126953125 13247.910299862133 51
stats: connect 0 0 0 15.27197265625 15.27197265625 15.27197265625 1
stats: 200 0 51
stats: size_rcv 0 292450
stats: size_sent 0 18150
stats: connected 0 0
# stats: dump at 1404837071
stats: users 0 1
stats: session 0 0 0 675654.5690917969 675654.5690917969 675654.5690917969 1
stats: users_count 0 1
stats: finish_users_count 0 1
stats: request 0 0 0 52215.641845703125 9092.630126953125 13247.910299862133 51
stats: page 0 0 0 52215.641845703125 9092.630126953125 13247.910299862133 51
stats: connect 0 0 0 15.27197265625 15.27197265625 15.27197265625 1
stats: 200 0 51
stats: size_rcv 0 292450
stats: size_sent 0 18150
stats: connected 0 0
# stats: dump at 1404837076
stats: users 0 1
stats: session 0 0 0 675654.5690917969 675654.5690917969 675654.5690917969 1
stats: users_count 0 1
stats: finish_users_count 0 1
stats: request 0 0 0 52215.641845703125 9092.630126953125 13247.910299862133 51
stats: page 0 0 0 52215.641845703125 9092.630126953125 13247.910299862133 51
stats: connect 0 0 0 15.27197265625 15.27197265625 15.27197265625 1
stats: 200 0 51
stats: size_rcv 0 292450
stats: size_sent 0 18150
stats: connected 0 0
EndMonitor:{1404,837076,136476}
