# stats: dump at 1404840377
stats: users 0 0
# stats: dump at 1404840387
stats: users 2 3
stats: session 5 1284.63916015625 2005.7832974795722 5295.3310546875 232.286865234375 0 0
stats: users_count 7 7
stats: finish_users_count 5 5
stats: request 5 1282.22744140625 2006.0165653178842 5293.3671875 230.30712890625 0 0
stats: page 5 1282.22744140625 2006.0165653178842 5293.3671875 230.30712890625 0 0
stats: connect 7 3.151890345982143 3.3105605260351565 11.25390625 1.656005859375 0 0
stats: 200 5 5
stats: size_rcv 178734 178734
stats: size_sent 1785 1785
stats: connected 2 2
# stats: dump at 1404840397
stats: users 2 4
stats: session 6 1963.1892496744792 2370.473167350119 5319.414794921875 232.286865234375 1284.63916015625 5
stats: users_count 6 13
stats: finish_users_count 6 11
stats: request 6 1961.2571207682292 2370.444403428952 5317.343994140625 230.30712890625 1282.22744140625 5
stats: page 6 1961.2571207682292 2370.444403428952 5317.343994140625 230.30712890625 1282.22744140625 5
stats: connect 6 1.8956298828125 0.07185601660991467 11.25390625 1.656005859375 3.151890345982143 7
stats: 200 6 11
stats: size_rcv 265193 443927
stats: size_sent 1530 3315
stats: connected 0 2
# stats: dump at 1404840407
stats: users 0 4
stats: session 8 4051.8780212402344 6499.510720852557 20316.260009765625 232.286865234375 1654.7573908025568 11
stats: users_count 6 19
stats: finish_users_count 8 19
stats: request 8 4049.972778320313 6499.50689720519 20314.365966796875 230.30712890625 1652.607266512784 11
stats: page 8 4049.972778320313 6499.50689720519 20314.365966796875 230.30712890625 1652.607266512784 11
stats: connect 6 1.800537109375 0.09364821949013166 11.25390625 1.633056640625 2.572077824519231 13
stats: 200 8 19
stats: size_rcv 363054 806981
stats: size_sent 1530 4845
stats: connected -2 0
# stats: dump at 1404840417
stats: users 1 4
stats: session 8 316.27679443359375 23.958184290773058 20316.260009765625 232.286865234375 2664.0713404605262 19
stats: users_count 9 28
stats: finish_users_count 8 27
stats: request 8 314.36102294921875 23.94751128693038 20314.365966796875 230.30712890625 2662.0243241159537 19
stats: page 8 314.36102294921875 23.94751128693038 20314.365966796875 230.30712890625 2662.0243241159537 19
stats: connect 9 1.9666069878472223 0.47316716120630375 11.25390625 1.621826171875 2.3284333881578947 19
stats: 200 8 27
stats: size_rcv 441063 1248044
stats: size_sent 2295 7140
stats: connected 1 1
# stats: dump at 1404840427
stats: users 1 4
stats: session 6 1969.86279296875 2397.2388782539565 20316.260009765625 232.286865234375 1968.428512008102 27
stats: users_count 6 34
stats: finish_users_count 6 33
stats: request 6 1967.9725341796875 2397.2180711433753 20314.365966796875 230.30712890625 1966.4203830295137 27
stats: page 6 1967.9725341796875 2397.2180711433753 20314.365966796875 230.30712890625 1966.4203830295137 27
stats: connect 6 2.1886800130208335 0.3267539738132366 11.25390625 1.621826171875 2.212132045200893 28
stats: 200 6 33
stats: size_rcv 213356 1461400
stats: size_sent 1530 8670
stats: connected 0 1
# stats: dump at 1404840437
stats: users 3 5
stats: session 16 917.3087463378906 1659.4146155314274 20316.260009765625 221.7529296875 1968.6892903645833 33
stats: users_count 18 52
stats: finish_users_count 16 49
stats: request 16 915.4119262695313 1659.4235771435797 20314.365966796875 219.794921875 1966.7025923295453 33
stats: page 16 915.4119262695313 1659.4235771435797 20314.365966796875 219.794921875 1966.7025923295453 33
stats: connect 18 1.9151611328125 0.12015556266906662 11.25390625 1.60009765625 2.2079934512867645 34
stats: 200 16 49
stats: size_rcv 570421 2031821
stats: size_sent 4590 13260
stats: connected 2 3
# stats: dump at 1404840447
stats: users 0 5
stats: session 4 4044.5676879882813 2170.8949672108274 20316.260009765625 221.7529296875 1625.3813576211735 49
stats: users_count 1 53
stats: finish_users_count 4 53
stats: request 4 4042.7109375 2170.8201748632705 20314.365966796875 219.794921875 1623.4240074936224 49
stats: page 4 4042.7109375 2170.8201748632705 20314.365966796875 219.794921875 1623.4240074936224 49
stats: connect 1 3.097900390625 0.0 11.25390625 1.60009765625 2.10662841796875 52
stats: 200 4 53
stats: size_rcv 188574 2220395
stats: size_sent 255 13515
stats: connected -3 0
# stats: dump at 1404840457
stats: users 0 5
stats: session 0 0 0 20316.260009765625 221.7529296875 1807.9614580262382 53
stats: users_count 0 53
stats: finish_users_count 0 53
stats: request 0 0 0 20314.365966796875 219.794921875 1806.0117003242924 53
stats: page 0 0 0 20314.365966796875 219.794921875 1806.0117003242924 53
stats: connect 0 0 0 11.25390625 1.60009765625 2.125331662735849 53
stats: 200 0 53
stats: size_rcv 0 2220395
stats: size_sent 0 13515
stats: connected 0 0
# stats: dump at 1404840467
stats: users 0 5
stats: session 0 0 0 20316.260009765625 221.7529296875 1807.9614580262382 53
stats: users_count 0 53
stats: finish_users_count 0 53
stats: request 0 0 0 20314.365966796875 219.794921875 1806.0117003242924 53
stats: page 0 0 0 20314.365966796875 219.794921875 1806.0117003242924 53
stats: connect 0 0 0 11.25390625 1.60009765625 2.125331662735849 53
stats: 200 0 53
stats: size_rcv 0 2220395
stats: size_sent 0 13515
stats: connected 0 0
# stats: dump at 1404840477
stats: users 0 5
stats: session 0 0 0 20316.260009765625 221.7529296875 1807.9614580262382 53
stats: users_count 0 53
stats: finish_users_count 0 53
stats: request 0 0 0 20314.365966796875 219.794921875 1806.0117003242924 53
stats: page 0 0 0 20314.365966796875 219.794921875 1806.0117003242924 53
stats: connect 0 0 0 11.25390625 1.60009765625 2.125331662735849 53
stats: 200 0 53
stats: size_rcv 0 2220395
stats: size_sent 0 13515
stats: connected 0 0
# stats: dump at 1404840487
stats: users 0 5
stats: session 0 0 0 20316.260009765625 221.7529296875 1807.9614580262382 53
stats: users_count 0 53
stats: finish_users_count 0 53
stats: request 0 0 0 20314.365966796875 219.794921875 1806.0117003242924 53
stats: page 0 0 0 20314.365966796875 219.794921875 1806.0117003242924 53
stats: connect 0 0 0 11.25390625 1.60009765625 2.125331662735849 53
stats: 200 0 53
stats: size_rcv 0 2220395
stats: size_sent 0 13515
stats: connected 0 0
# stats: dump at 1404840497
stats: users 0 5
stats: session 0 0 0 20316.260009765625 221.7529296875 1807.9614580262382 53
stats: users_count 0 53
stats: finish_users_count 0 53
stats: request 0 0 0 20314.365966796875 219.794921875 1806.0117003242924 53
stats: page 0 0 0 20314.365966796875 219.794921875 1806.0117003242924 53
stats: connect 0 0 0 11.25390625 1.60009765625 2.125331662735849 53
stats: 200 0 53
stats: size_rcv 0 2220395
stats: size_sent 0 13515
stats: connected 0 0
# stats: dump at 1404840500
stats: users 0 5
stats: session 0 0 0 20316.260009765625 221.7529296875 1807.9614580262382 53
stats: users_count 0 53
stats: finish_users_count 0 53
stats: request 0 0 0 20314.365966796875 219.794921875 1806.0117003242924 53
stats: page 0 0 0 20314.365966796875 219.794921875 1806.0117003242924 53
stats: connect 0 0 0 11.25390625 1.60009765625 2.125331662735849 53
stats: 200 0 53
stats: size_rcv 0 2220395
stats: size_sent 0 13515
stats: connected 0 0
EndMonitor:{1404,840500,335493}
