Could not find/open font when opening font "/usr/share/fonts/truetype/ttf-liberation/LiberationSans-Regular.ttf", using internal non-scalable font

	title is " rate", offset at ((character units) 0, 0, 0)

Warning: empty x range [605:605], adjusting to [598.95:611.05]
Warning: empty y range [0.1:0.1], adjusting to [0.099:0.101]

	title is " mean", offset at ((character units) 0, 0, 0)

Warning: empty x range [605:605], adjusting to [598.95:611.05]
Warning: empty y range [598533:598533], adjusting to [592548:604519]

	title is " stdvar", offset at ((character units) 0, 0, 0)

Warning: empty x range [605:605], adjusting to [598.95:611.05]
Warning: empty y range [0:0], adjusting to [-1:1]

	title is " max_sample", offset at ((character units) 0, 0, 0)

Warning: empty x range [605:605], adjusting to [598.95:611.05]
Warning: empty y range [598533:598533], adjusting to [592548:604519]

	title is " min_sample", offset at ((character units) 0, 0, 0)

Warning: empty x range [605:605], adjusting to [598.95:611.05]
Warning: empty y range [598533:598533], adjusting to [592548:604519]

	title is " rate", offset at ((character units) 0, 0, 0)

Warning: empty x range [605:605], adjusting to [598.95:611.05]
Warning: empty y range [0.1:0.1], adjusting to [0.099:0.101]

	title is " mean", offset at ((character units) 0, 0, 0)

Warning: empty x range [605:605], adjusting to [598.95:611.05]
Warning: empty y range [598533:598533], adjusting to [592548:604519]

	title is " stdvar", offset at ((character units) 0, 0, 0)

Warning: empty x range [605:605], adjusting to [598.95:611.05]
Warning: empty y range [0:0], adjusting to [-1:1]

	title is " max_sample", offset at ((character units) 0, 0, 0)

Warning: empty x range [605:605], adjusting to [598.95:611.05]
Warning: empty y range [598533:598533], adjusting to [592548:604519]

	title is " min_sample", offset at ((character units) 0, 0, 0)

Warning: empty x range [605:605], adjusting to [598.95:611.05]
Warning: empty y range [598533:598533], adjusting to [592548:604519]
Could not find/open font when opening font "/usr/share/fonts/truetype/ttf-liberation/LiberationSans-Regular.ttf", using internal non-scalable font

	title is " rate", offset at ((character units) 0, 0, 0)


	title is " total", offset at ((character units) 0, 0, 0)


	title is " rate", offset at ((character units) 0, 0, 0)


	title is " total", offset at ((character units) 0, 0, 0)

Could not find/open font when opening font "/usr/share/fonts/truetype/ttf-liberation/LiberationSans-Regular.ttf", using internal non-scalable font

	title is " rate", offset at ((character units) 0, 0, 0)


	title is " mean", offset at ((character units) 0, 0, 0)


	title is " stdvar", offset at ((character units) 0, 0, 0)


	title is " max_sample", offset at ((character units) 0, 0, 0)


	title is " min_sample", offset at ((character units) 0, 0, 0)


	title is " rate", offset at ((character units) 0, 0, 0)


	title is " mean", offset at ((character units) 0, 0, 0)


	title is " stdvar", offset at ((character units) 0, 0, 0)


	title is " max_sample", offset at ((character units) 0, 0, 0)


	title is " min_sample", offset at ((character units) 0, 0, 0)

Could not find/open font when opening font "/usr/share/fonts/truetype/ttf-liberation/LiberationSans-Regular.ttf", using internal non-scalable font

	title is " rate", offset at ((character units) 0, 0, 0)


	title is " mean", offset at ((character units) 0, 0, 0)


	title is " stdvar", offset at ((character units) 0, 0, 0)


	title is " max_sample", offset at ((character units) 0, 0, 0)


	title is " min_sample", offset at ((character units) 0, 0, 0)


	title is " rate", offset at ((character units) 0, 0, 0)


	title is " mean", offset at ((character units) 0, 0, 0)


	title is " stdvar", offset at ((character units) 0, 0, 0)


	title is " max_sample", offset at ((character units) 0, 0, 0)


	title is " min_sample", offset at ((character units) 0, 0, 0)

Could not find/open font when opening font "/usr/share/fonts/truetype/ttf-liberation/LiberationSans-Regular.ttf", using internal non-scalable font

	title is " simultaneous", offset at ((character units) 0, 0, 0)


	title is " maximum_simultaneous", offset at ((character units) 0, 0, 0)


	title is " simultaneous", offset at ((character units) 0, 0, 0)


	title is " maximum_simultaneous", offset at ((character units) 0, 0, 0)

Could not find/open font when opening font "/usr/share/fonts/truetype/ttf-liberation/LiberationSans-Regular.ttf", using internal non-scalable font

	title is " rate", offset at ((character units) 0, 0, 0)


	title is " total", offset at ((character units) 0, 0, 0)

Warning: empty y range [1:1], adjusting to [0.99:1.01]

	title is " rate", offset at ((character units) 0, 0, 0)


	title is " total", offset at ((character units) 0, 0, 0)

Warning: empty y range [1:1], adjusting to [0.99:1.01]
Could not find/open font when opening font "/usr/share/fonts/truetype/ttf-liberation/LiberationSans-Regular.ttf", using internal non-scalable font

	title is " rate", offset at ((character units) 0, 0, 0)


	title is " total", offset at ((character units) 0, 0, 0)


	title is " rate", offset at ((character units) 0, 0, 0)


	title is " total", offset at ((character units) 0, 0, 0)

