# stats: dump at 1404837803
stats: users 0 0
# stats: dump at 1404837813
stats: users 1 1
stats: users_count 1 1
stats: connect 1 36.43212890625 0.0 36.43212890625 36.43212890625 0 0
stats: size_sent 262 262
stats: connected 1 1
# stats: dump at 1404837823
stats: users 1 1
stats: users_count 0 1
stats: request 1 8751.279052734375 0.0 8751.279052734375 8751.279052734375 0 0
stats: page 1 8751.279052734375 0.0 8751.279052734375 8751.279052734375 0 0
stats: connect 0 0 0 36.43212890625 36.43212890625 36.43212890625 1
stats: 200 1 1
stats: size_rcv 5638 5638
stats: size_sent 359 621
stats: connected 0 1
# stats: dump at 1404837833
stats: users 1 1
stats: users_count 0 1
stats: request 1 8715.89599609375 0.0 8751.279052734375 8715.89599609375 8751.279052734375 1
stats: page 1 8715.89599609375 0.0 8751.279052734375 8715.89599609375 8751.279052734375 1
stats: connect 0 0 0 36.43212890625 36.43212890625 36.43212890625 1
stats: 200 1 2
stats: size_rcv 5716 11354
stats: size_sent 359 980
stats: connected 0 1
# stats: dump at 1404837843
stats: users 1 1
stats: users_count 0 1
stats: request 1 8817.9541015625 0.0 8817.9541015625 8715.89599609375 8733.587524414063 2
stats: page 1 8817.9541015625 0.0 8817.9541015625 8715.89599609375 8733.587524414063 2
stats: connect 0 0 0 36.43212890625 36.43212890625 36.43212890625 1
stats: 200 1 3
stats: size_rcv 5697 17051
stats: size_sent 359 1339
stats: connected 0 1
# stats: dump at 1404837853
stats: users 1 1
stats: users_count 0 1
stats: request 2 9096.4794921875 63.658447265625 9160.137939453125 8715.89599609375 8761.709716796875 3
stats: page 2 9096.4794921875 63.658447265625 9160.137939453125 8715.89599609375 8761.709716796875 3
stats: connect 0 0 0 36.43212890625 36.43212890625 36.43212890625 1
stats: 200 2 5
stats: size_rcv 11356 28407
stats: size_sent 718 2057
stats: connected 0 1
# stats: dump at 1404837863
stats: users 1 1
stats: users_count 0 1
stats: request 1 9005.449951171875 0.0 9160.137939453125 8715.89599609375 8895.617626953124 5
stats: page 1 9005.449951171875 0.0 9160.137939453125 8715.89599609375 8895.617626953124 5
stats: connect 0 0 0 36.43212890625 36.43212890625 36.43212890625 1
stats: 200 1 6
stats: size_rcv 5784 34191
stats: size_sent 360 2417
stats: connected 0 1
# stats: dump at 1404837873
stats: users 1 1
stats: users_count 0 1
stats: request 1 8935.27490234375 0.0 9160.137939453125 8715.89599609375 8913.923014322916 6
stats: page 1 8935.27490234375 0.0 9160.137939453125 8715.89599609375 8913.923014322916 6
stats: connect 0 0 0 36.43212890625 36.43212890625 36.43212890625 1
stats: 200 1 7
stats: size_rcv 5786 39977
stats: size_sent 360 2777
stats: connected 0 1
# stats: dump at 1404837883
stats: users 1 1
stats: users_count 0 1
stats: request 1 8916.846923828125 0.0 9160.137939453125 8715.89599609375 8916.97328404018 7
stats: page 1 8916.846923828125 0.0 9160.137939453125 8715.89599609375 8916.97328404018 7
stats: connect 0 0 0 36.43212890625 36.43212890625 36.43212890625 1
stats: 200 1 8
stats: size_rcv 5713 45690
stats: size_sent 360 3137
stats: connected 0 1
# stats: dump at 1404837893
stats: users 1 1
stats: users_count 0 1
stats: request 1 9080.849853515625 0.0 9160.137939453125 8715.89599609375 8916.957489013672 8
stats: page 1 9080.849853515625 0.0 9160.137939453125 8715.89599609375 8916.957489013672 8
stats: connect 0 0 0 36.43212890625 36.43212890625 36.43212890625 1
stats: 200 1 9
stats: size_rcv 5732 51422
stats: size_sent 360 3497
stats: connected 0 1
# stats: dump at 1404837903
stats: users 1 1
stats: users_count 0 1
stats: request 1 9065.10400390625 0.0 9160.137939453125 8715.89599609375 8935.167751736111 9
stats: page 1 9065.10400390625 0.0 9160.137939453125 8715.89599609375 8935.167751736111 9
stats: connect 0 0 0 36.43212890625 36.43212890625 36.43212890625 1
stats: 200 1 10
stats: size_rcv 5726 57148
stats: size_sent 360 3857
stats: connected 0 1
# stats: dump at 1404837913
stats: users 1 1
stats: users_count 0 1
stats: request 1 9261.994140625 0.0 9261.994140625 8715.89599609375 8948.161376953125 10
stats: page 1 9261.994140625 0.0 9261.994140625 8715.89599609375 8948.161376953125 10
stats: connect 0 0 0 36.43212890625 36.43212890625 36.43212890625 1
stats: 200 1 11
stats: size_rcv 5732 62880
stats: size_sent 360 4217
stats: connected 0 1
# stats: dump at 1404837923
stats: users 1 1
stats: users_count 0 1
stats: request 1 9347.2529296875 0.0 9347.2529296875 8715.89599609375 8976.691628196022 11
stats: page 1 9347.2529296875 0.0 9347.2529296875 8715.89599609375 8976.691628196022 11
stats: connect 0 0 0 36.43212890625 36.43212890625 36.43212890625 1
stats: 200 1 12
stats: size_rcv 5662 68542
stats: size_sent 360 4577
stats: connected 0 1
# stats: dump at 1404837933
stats: users 1 1
stats: users_count 0 1
stats: request 1 9315.760986328125 0.0 9347.2529296875 8715.89599609375 9007.571736653646 12
stats: page 1 9315.760986328125 0.0 9347.2529296875 8715.89599609375 9007.571736653646 12
stats: connect 0 0 0 36.43212890625 36.43212890625 36.43212890625 1
stats: 200 1 13
stats: size_rcv 5729 74271
stats: size_sent 360 4937
stats: connected 0 1
# stats: dump at 1404837943
stats: users 1 1
stats: users_count 0 1
stats: request 1 9177.5478515625 0.0 9347.2529296875 8715.89599609375 9031.27860201322 13
stats: page 1 9177.5478515625 0.0 9347.2529296875 8715.89599609375 9031.27860201322 13
stats: connect 0 0 0 36.43212890625 36.43212890625 36.43212890625 1
stats: 200 1 14
stats: size_rcv 5736 80007
stats: size_sent 360 5297
stats: connected 0 1
# stats: dump at 1404837953
stats: users 1 1
stats: users_count 0 1
stats: request 1 9247.133056640625 0.0 9347.2529296875 8715.89599609375 9041.726405552456 14
stats: page 1 9247.133056640625 0.0 9347.2529296875 8715.89599609375 9041.726405552456 14
stats: connect 0 0 0 36.43212890625 36.43212890625 36.43212890625 1
stats: 200 1 15
stats: size_rcv 5723 85730
stats: size_sent 360 5657
stats: connected 0 1
# stats: dump at 1404837963
stats: users 1 1
stats: users_count 0 1
stats: request 2 9375.082397460938 98.2205810546875 9473.302978515625 8715.89599609375 9055.420182291668 15
stats: page 2 9375.082397460938 98.2205810546875 9473.302978515625 8715.89599609375 9055.420182291668 15
stats: connect 0 0 0 36.43212890625 36.43212890625 36.43212890625 1
stats: 200 2 17
stats: size_rcv 11456 97186
stats: size_sent 720 6377
stats: connected 0 1
# stats: dump at 1404837973
stats: users 1 1
stats: users_count 0 1
stats: request 1 9593.3251953125 0.0 9593.3251953125 8715.89599609375 9093.027501723345 17
stats: page 1 9593.3251953125 0.0 9593.3251953125 8715.89599609375 9093.027501723345 17
stats: connect 0 0 0 36.43212890625 36.43212890625 36.43212890625 1
stats: 200 1 18
stats: size_rcv 5729 102915
stats: size_sent 360 6737
stats: connected 0 1
# stats: dump at 1404837983
stats: users 1 1
stats: users_count 0 1
stats: request 1 9419.991943359375 0.0 9593.3251953125 8715.89599609375 9120.821818033854 18
stats: page 1 9419.991943359375 0.0 9593.3251953125 8715.89599609375 9120.821818033854 18
stats: connect 0 0 0 36.43212890625 36.43212890625 36.43212890625 1
stats: 200 1 19
stats: size_rcv 5718 108633
stats: size_sent 360 7097
stats: connected 0 1
# stats: dump at 1404837993
stats: users 1 1
stats: users_count 0 1
stats: request 1 9341.33984375 0.0 9593.3251953125 8715.89599609375 9136.567614103618 19
stats: page 1 9341.33984375 0.0 9593.3251953125 8715.89599609375 9136.567614103618 19
stats: connect 0 0 0 36.43212890625 36.43212890625 36.43212890625 1
stats: 200 1 20
stats: size_rcv 5663 114296
stats: size_sent 360 7457
stats: connected 0 1
# stats: dump at 1404838003
stats: users 1 1
stats: users_count 0 1
stats: request 1 9351.756103515625 0.0 9593.3251953125 8715.89599609375 9146.806225585937 20
stats: page 1 9351.756103515625 0.0 9593.3251953125 8715.89599609375 9146.806225585937 20
stats: connect 0 0 0 36.43212890625 36.43212890625 36.43212890625 1
stats: 200 1 21
stats: size_rcv 5731 120027
stats: size_sent 360 7817
stats: connected 0 1
# stats: dump at 1404838013
stats: users 1 1
stats: users_count 0 1
stats: request 1 9317.702880859375 0.0 9593.3251953125 8715.89599609375 9156.565743582589 21
stats: page 1 9317.702880859375 0.0 9593.3251953125 8715.89599609375 9156.565743582589 21
stats: connect 0 0 0 36.43212890625 36.43212890625 36.43212890625 1
stats: 200 1 22
stats: size_rcv 5730 125757
stats: size_sent 359 8176
stats: connected 0 1
# stats: dump at 1404838023
stats: users 1 1
stats: users_count 0 1
stats: request 1 9327.949951171875 0.0 9593.3251953125 8715.89599609375 9163.890158913353 22
stats: page 1 9327.949951171875 0.0 9593.3251953125 8715.89599609375 9163.890158913353 22
stats: connect 0 0 0 36.43212890625 36.43212890625 36.43212890625 1
stats: 200 1 23
stats: size_rcv 5708 131465
stats: size_sent 360 8536
stats: connected 0 1
# stats: dump at 1404838033
stats: users 1 1
stats: users_count 0 1
stats: request 1 9483.35107421875 0.0 9593.3251953125 8715.89599609375 9171.023193359375 23
stats: page 1 9483.35107421875 0.0 9593.3251953125 8715.89599609375 9171.023193359375 23
stats: connect 0 0 0 36.43212890625 36.43212890625 36.43212890625 1
stats: 200 1 24
stats: size_rcv 5706 137171
stats: size_sent 359 8895
stats: connected 0 1
# stats: dump at 1404838043
stats: users 1 1
stats: users_count 0 1
stats: request 1 9616.9951171875 0.0 9616.9951171875 8715.89599609375 9184.03685506185 24
stats: page 1 9616.9951171875 0.0 9616.9951171875 8715.89599609375 9184.03685506185 24
stats: connect 0 0 0 36.43212890625 36.43212890625 36.43212890625 1
stats: 200 1 25
stats: size_rcv 5818 142989
stats: size_sent 360 9255
stats: connected 0 1
# stats: dump at 1404838053
stats: users 1 1
stats: users_count 0 1
stats: request 1 9527.9599609375 0.0 9616.9951171875 8715.89599609375 9201.355185546876 25
stats: page 1 9527.9599609375 0.0 9616.9951171875 8715.89599609375 9201.355185546876 25
stats: connect 0 0 0 36.43212890625 36.43212890625 36.43212890625 1
stats: 200 1 26
stats: size_rcv 5795 148784
stats: size_sent 360 9615
stats: connected 0 1
# stats: dump at 1404838063
stats: users 1 1
stats: users_count 0 1
stats: request 1 9521.89599609375 0.0 9616.9951171875 8715.89599609375 9213.916907677285 26
stats: page 1 9521.89599609375 0.0 9616.9951171875 8715.89599609375 9213.916907677285 26
stats: connect 0 0 0 36.43212890625 36.43212890625 36.43212890625 1
stats: 200 1 27
stats: size_rcv 5737 154521
stats: size_sent 360 9975
stats: connected 0 1
# stats: dump at 1404838073
stats: users 1 1
stats: users_count 0 1
stats: request 1 9626.248779296875 0.0 9626.248779296875 8715.89599609375 9225.323540581598 27
stats: page 1 9626.248779296875 0.0 9626.248779296875 8715.89599609375 9225.323540581598 27
stats: connect 0 0 0 36.43212890625 36.43212890625 36.43212890625 1
stats: 200 1 28
stats: size_rcv 5748 160269
stats: size_sent 360 10335
stats: connected 0 1
# stats: dump at 1404838083
stats: users 1 1
stats: users_count 0 1
stats: request 1 9691.64306640625 0.0 9691.64306640625 8715.89599609375 9239.642299107143 28
stats: page 1 9691.64306640625 0.0 9691.64306640625 8715.89599609375 9239.642299107143 28
stats: connect 0 0 0 36.43212890625 36.43212890625 36.43212890625 1
stats: 200 1 29
stats: size_rcv 5762 166031
stats: size_sent 360 10695
stats: connected 0 1
# stats: dump at 1404838093
stats: users 1 1
stats: users_count 0 1
stats: request 1 10003.5078125 0.0 10003.5078125 8715.89599609375 9255.228532462284 29
stats: page 1 10003.5078125 0.0 10003.5078125 8715.89599609375 9255.228532462284 29
stats: connect 0 0 0 36.43212890625 36.43212890625 36.43212890625 1
stats: 200 0 29
stats: size_rcv 140 166171
stats: 502 1 1
stats: size_sent 360 11055
stats: connected 0 1
# stats: dump at 1404838103
stats: users 1 1
stats: users_count 0 1
stats: request 1 9954.8740234375 0.0 10003.5078125 8715.89599609375 9280.171175130208 30
stats: page 1 9954.8740234375 0.0 10003.5078125 8715.89599609375 9280.171175130208 30
stats: connect 0 0 0 36.43212890625 36.43212890625 36.43212890625 1
stats: 200 1 30
stats: size_rcv 5778 171949
stats: 502 0 1
stats: size_sent 360 11415
stats: connected 0 1
# stats: dump at 1404838113
stats: users 1 1
stats: users_count 0 1
stats: request 1 10025.176025390625 0.0 10025.176025390625 8715.89599609375 9301.935783140121 31
stats: page 1 10025.176025390625 0.0 10025.176025390625 8715.89599609375 9301.935783140121 31
stats: connect 0 0 0 36.43212890625 36.43212890625 36.43212890625 1
stats: 200 0 30
stats: size_rcv 140 172089
stats: 502 1 2
stats: size_sent 360 11775
stats: connected 0 1
# stats: dump at 1404838123
stats: users 1 1
stats: users_count 0 1
stats: request 0 0 0 10025.176025390625 8715.89599609375 9324.53704071045 32
stats: page 0 0 0 10025.176025390625 8715.89599609375 9324.53704071045 32
stats: connect 0 0 0 36.43212890625 36.43212890625 36.43212890625 1
stats: 200 0 30
stats: size_rcv 0 172089
stats: 502 0 2
stats: size_sent 0 11775
stats: connected 0 1
# stats: dump at 1404838133
stats: users 1 1
stats: users_count 0 1
stats: request 1 20003.194091796875 0.0 20003.194091796875 8715.89599609375 9324.53704071045 32
stats: page 1 20003.194091796875 0.0 20003.194091796875 8715.89599609375 9324.53704071045 32
stats: connect 0 0 0 36.43212890625 36.43212890625 36.43212890625 1
stats: 200 0 30
stats: size_rcv 140 172229
stats: 502 1 3
stats: size_sent 360 12135
stats: connected 0 1
# stats: dump at 1404838143
stats: users 1 1
stats: users_count 0 1
stats: request 0 0 0 20003.194091796875 8715.89599609375 9648.13270892519 33
stats: page 0 0 0 20003.194091796875 8715.89599609375 9648.13270892519 33
stats: connect 0 0 0 36.43212890625 36.43212890625 36.43212890625 1
stats: 200 0 30
stats: size_rcv 0 172229
stats: 502 0 3
stats: size_sent 0 12135
stats: connected 0 1
# stats: dump at 1404838153
stats: users 1 1
stats: users_count 0 1
stats: request 1 20003.183837890625 0.0 20003.194091796875 8715.89599609375 9648.13270892519 33
stats: page 1 20003.183837890625 0.0 20003.194091796875 8715.89599609375 9648.13270892519 33
stats: connect 0 0 0 36.43212890625 36.43212890625 36.43212890625 1
stats: 200 0 30
stats: size_rcv 140 172369
stats: 502 1 4
stats: size_sent 360 12495
stats: connected 0 1
# stats: dump at 1404838163
stats: users 1 1
stats: users_count 0 1
stats: request 1 10003.152099609375 0.0 20003.194091796875 8715.89599609375 9952.693036247701 34
stats: page 1 10003.152099609375 0.0 20003.194091796875 8715.89599609375 9952.693036247701 34
stats: connect 0 0 0 36.43212890625 36.43212890625 36.43212890625 1
stats: 200 0 30
stats: size_rcv 140 172509
stats: 502 1 5
stats: size_sent 360 12855
stats: connected 0 1
# stats: dump at 1404838173
stats: users 1 1
stats: users_count 0 1
stats: request 0 0 0 20003.194091796875 8715.89599609375 9954.134723772322 35
stats: page 0 0 0 20003.194091796875 8715.89599609375 9954.134723772322 35
stats: connect 0 0 0 36.43212890625 36.43212890625 36.43212890625 1
stats: 200 0 30
stats: size_rcv 0 172509
stats: 502 0 5
stats: size_sent 0 12855
stats: connected 0 1
# stats: dump at 1404838183
stats: users 1 1
stats: users_count 0 1
stats: request 1 20004.342041015625 0.0 20004.342041015625 8715.89599609375 9954.134723772322 35
stats: page 1 20004.342041015625 0.0 20004.342041015625 8715.89599609375 9954.134723772322 35
stats: connect 0 0 0 36.43212890625 36.43212890625 36.43212890625 1
stats: 200 0 30
stats: size_rcv 140 172649
stats: 502 1 6
stats: size_sent 360 13215
stats: connected 0 1
# stats: dump at 1404838193
stats: users 1 1
stats: users_count 0 1
stats: request 0 0 0 20004.342041015625 8715.89599609375 10233.307149251303 36
stats: page 0 0 0 20004.342041015625 8715.89599609375 10233.307149251303 36
stats: connect 0 0 0 36.43212890625 36.43212890625 36.43212890625 1
stats: 200 0 30
stats: size_rcv 0 172649
stats: 502 0 6
stats: size_sent 0 13215
stats: connected 0 1
# stats: dump at 1404838203
stats: users 1 1
stats: users_count 0 1
stats: request 1 20003.661865234375 0.0 20004.342041015625 8715.89599609375 10233.307149251303 36
stats: page 1 20003.661865234375 0.0 20004.342041015625 8715.89599609375 10233.307149251303 36
stats: connect 0 0 0 36.43212890625 36.43212890625 36.43212890625 1
stats: 200 0 30
stats: size_rcv 140 172789
stats: 502 1 7
stats: size_sent 360 13575
stats: connected 0 1
# stats: dump at 1404838213
stats: users 1 1
stats: users_count 0 1
stats: request 0 0 0 20004.342041015625 8715.89599609375 10497.370790223818 37
stats: page 0 0 0 20004.342041015625 8715.89599609375 10497.370790223818 37
stats: connect 0 0 0 36.43212890625 36.43212890625 36.43212890625 1
stats: 200 0 30
stats: size_rcv 0 172789
stats: 502 0 7
stats: size_sent 0 13575
stats: connected 0 1
# stats: dump at 1404838223
stats: users 1 1
stats: users_count 0 1
stats: request 1 20003.787109375 0.0 20004.342041015625 8715.89599609375 10497.370790223818 37
stats: page 1 20003.787109375 0.0 20004.342041015625 8715.89599609375 10497.370790223818 37
stats: connect 0 0 0 36.43212890625 36.43212890625 36.43212890625 1
stats: 200 0 30
stats: size_rcv 140 172929
stats: 502 1 8
stats: size_sent 360 13935
stats: connected 0 1
# stats: dump at 1404838233
stats: users 1 1
stats: users_count 0 1
stats: request 1 10017.59521484375 0.0 20004.342041015625 8715.89599609375 10747.539640727797 38
stats: page 1 10017.59521484375 0.0 20004.342041015625 8715.89599609375 10747.539640727797 38
stats: connect 0 0 0 36.43212890625 36.43212890625 36.43212890625 1
stats: 200 0 30
stats: size_rcv 140 173069
stats: 502 1 9
stats: size_sent 360 14295
stats: connected 0 1
# stats: dump at 1404838243
stats: users 1 1
stats: users_count 0 1
stats: request 0 0 0 20004.342041015625 8715.89599609375 10728.82311698718 39
stats: page 0 0 0 20004.342041015625 8715.89599609375 10728.82311698718 39
stats: connect 0 0 0 36.43212890625 36.43212890625 36.43212890625 1
stats: 200 0 30
stats: size_rcv 0 173069
stats: 502 0 9
stats: size_sent 0 14295
stats: connected 0 1
# stats: dump at 1404838253
stats: users 1 1
stats: users_count 0 1
stats: request 1 20003.532958984375 0.0 20004.342041015625 8715.89599609375 10728.82311698718 39
stats: page 1 20003.532958984375 0.0 20004.342041015625 8715.89599609375 10728.82311698718 39
stats: connect 0 0 0 36.43212890625 36.43212890625 36.43212890625 1
stats: 200 0 30
stats: size_rcv 140 173209
stats: 502 1 10
stats: size_sent 360 14655
stats: connected 0 1
# stats: dump at 1404838263
stats: users 1 1
stats: users_count 0 1
stats: request 1 10003.10302734375 0.0 20004.342041015625 8715.89599609375 10960.690863037109 40
stats: page 1 10003.10302734375 0.0 20004.342041015625 8715.89599609375 10960.690863037109 40
stats: connect 0 0 0 36.43212890625 36.43212890625 36.43212890625 1
stats: 200 0 30
stats: size_rcv 140 173349
stats: 502 1 11
stats: size_sent 360 15015
stats: connected 0 1
# stats: dump at 1404838273
stats: users 1 1
stats: users_count 0 1
stats: request 0 0 0 20004.342041015625 8715.89599609375 10937.33506216654 41
stats: page 0 0 0 20004.342041015625 8715.89599609375 10937.33506216654 41
stats: connect 0 0 0 36.43212890625 36.43212890625 36.43212890625 1
stats: 200 0 30
stats: size_rcv 0 173349
stats: 502 0 11
stats: size_sent 0 15015
stats: connected 0 1
# stats: dump at 1404838283
stats: users 1 1
stats: users_count 0 1
stats: request 1 20003.22119140625 0.0 20004.342041015625 8715.89599609375 10937.33506216654 41
stats: page 1 20003.22119140625 0.0 20004.342041015625 8715.89599609375 10937.33506216654 41
stats: connect 0 0 0 36.43212890625 36.43212890625 36.43212890625 1
stats: 200 0 30
stats: size_rcv 140 173489
stats: 502 1 12
stats: size_sent 360 15375
stats: connected 0 1
# stats: dump at 1404838293
stats: users 1 1
stats: users_count 0 1
stats: request 1 10056.5361328125 0.0 20004.342041015625 8715.89599609375 11153.189493815104 42
stats: page 1 10056.5361328125 0.0 20004.342041015625 8715.89599609375 11153.189493815104 42
stats: connect 0 0 0 36.43212890625 36.43212890625 36.43212890625 1
stats: 200 0 30
stats: size_rcv 140 173629
stats: 502 1 13
stats: size_sent 360 15735
stats: connected 0 1
# stats: dump at 1404838303
stats: users 1 1
stats: users_count 0 1
stats: request 0 0 0 20004.342041015625 8715.89599609375 11127.68592728016 43
stats: page 0 0 0 20004.342041015625 8715.89599609375 11127.68592728016 43
stats: connect 0 0 0 36.43212890625 36.43212890625 36.43212890625 1
stats: 200 0 30
stats: size_rcv 0 173629
stats: 502 0 13
stats: size_sent 0 15735
stats: connected 0 1
# stats: dump at 1404838313
stats: users 1 1
stats: users_count 0 1
stats: request 1 20003.385009765625 0.0 20004.342041015625 8715.89599609375 11127.68592728016 43
stats: page 1 20003.385009765625 0.0 20004.342041015625 8715.89599609375 11127.68592728016 43
stats: connect 0 0 0 36.43212890625 36.43212890625 36.43212890625 1
stats: 200 0 30
stats: size_rcv 140 173769
stats: 502 1 14
stats: size_sent 360 16095
stats: connected 0 1
# stats: dump at 1404838323
stats: users 1 1
stats: users_count 0 1
stats: request 1 10003.72314453125 0.0 20004.342041015625 8715.89599609375 11329.406360973011 44
stats: page 1 10003.72314453125 0.0 20004.342041015625 8715.89599609375 11329.406360973011 44
stats: connect 0 0 0 36.43212890625 36.43212890625 36.43212890625 1
stats: 200 0 30
stats: size_rcv 140 173909
stats: 502 1 15
stats: size_sent 360 16455
stats: connected 0 1
# stats: dump at 1404838333
stats: users 1 1
stats: users_count 0 1
stats: request 0 0 0 20004.342041015625 8715.89599609375 11299.946733940973 45
stats: page 0 0 0 20004.342041015625 8715.89599609375 11299.946733940973 45
stats: connect 0 0 0 36.43212890625 36.43212890625 36.43212890625 1
stats: 200 0 30
stats: size_rcv 0 173909
stats: 502 0 15
stats: size_sent 0 16455
stats: connected 0 1
# stats: dump at 1404838343
stats: users 1 1
stats: users_count 0 1
stats: request 1 20003.875 0.0 20004.342041015625 8715.89599609375 11299.946733940973 45
stats: page 1 20003.875 0.0 20004.342041015625 8715.89599609375 11299.946733940973 45
stats: connect 0 0 0 36.43212890625 36.43212890625 36.43212890625 1
stats: 200 0 30
stats: size_rcv 140 174049
stats: 502 1 16
stats: size_sent 360 16815
stats: connected 0 1
# stats: dump at 1404838353
stats: users 1 1
stats: users_count 0 1
stats: request 1 10004.908935546875 0.0 20004.342041015625 8715.89599609375 11489.162565811821 46
stats: page 1 10004.908935546875 0.0 20004.342041015625 8715.89599609375 11489.162565811821 46
stats: connect 0 0 0 36.43212890625 36.43212890625 36.43212890625 1
stats: 200 0 30
stats: size_rcv 140 174189
stats: 502 1 17
stats: size_sent 360 17175
stats: connected 0 1
# stats: dump at 1404838363
stats: users 1 1
stats: users_count 0 1
stats: request 0 0 0 20004.342041015625 8715.89599609375 11457.582701338099 47
stats: page 0 0 0 20004.342041015625 8715.89599609375 11457.582701338099 47
stats: connect 0 0 0 36.43212890625 36.43212890625 36.43212890625 1
stats: 200 0 30
stats: size_rcv 0 174189
stats: 502 0 17
stats: size_sent 0 17175
stats: connected 0 1
# stats: dump at 1404838373
stats: users 1 1
stats: users_count 0 1
stats: request 1 20003.303955078125 0.0 20004.342041015625 8715.89599609375 11457.582701338099 47
stats: page 1 20003.303955078125 0.0 20004.342041015625 8715.89599609375 11457.582701338099 47
stats: connect 0 0 0 36.43212890625 36.43212890625 36.43212890625 1
stats: 200 0 30
stats: size_rcv 140 174329
stats: 502 1 18
stats: size_sent 360 17535
stats: connected 0 1
# stats: dump at 1404838383
stats: users 1 1
stats: users_count 0 1
stats: request 1 10004.18701171875 0.0 20004.342041015625 8715.89599609375 11635.618560791016 48
stats: page 1 10004.18701171875 0.0 20004.342041015625 8715.89599609375 11635.618560791016 48
stats: connect 0 0 0 36.43212890625 36.43212890625 36.43212890625 1
stats: 200 0 30
stats: size_rcv 140 174469
stats: 502 1 19
stats: size_sent 360 17895
stats: connected 0 1
# stats: dump at 1404838393
stats: users 1 1
stats: users_count 0 1
stats: request 0 0 0 20004.342041015625 8715.89599609375 11602.324039381378 49
stats: page 0 0 0 20004.342041015625 8715.89599609375 11602.324039381378 49
stats: connect 0 0 0 36.43212890625 36.43212890625 36.43212890625 1
stats: 200 0 30
stats: size_rcv 0 174469
stats: 502 0 19
stats: size_sent 0 17895
stats: connected 0 1
# stats: dump at 1404838403
stats: users 1 1
stats: users_count 0 1
stats: request 1 20003.64599609375 0.0 20004.342041015625 8715.89599609375 11602.324039381378 49
stats: page 1 20003.64599609375 0.0 20004.342041015625 8715.89599609375 11602.324039381378 49
stats: connect 0 0 0 36.43212890625 36.43212890625 36.43212890625 1
stats: 200 0 30
stats: size_rcv 140 174609
stats: 502 1 20
stats: size_sent 361 18256
stats: connected 0 1
# stats: dump at 1404838408
stats: users 0 1
stats: session 1 598533.2670898438 0 598533.2670898438 598533.2670898438 0 0
stats: users_count 0 1
stats: finish_users_count 1 1
stats: request 1 10003.786865234375 0.0 20004.342041015625 8715.89599609375 11770.350478515626 50
stats: page 1 10003.786865234375 0.0 20004.342041015625 8715.89599609375 11770.350478515626 50
stats: connect 0 0 0 36.43212890625 36.43212890625 36.43212890625 1
stats: 200 0 30
stats: size_rcv 140 174749
stats: 502 1 21
stats: size_sent 0 18256
stats: connected -1 0
EndMonitor:{1404,838408,518213}
