Could not find/open font when opening font "/usr/share/fonts/truetype/ttf-liberation/LiberationSans-Regular.ttf", using internal non-scalable font

	title is " rate", offset at ((character units) 0, 0, 0)


	title is " mean", offset at ((character units) 0, 0, 0)


	title is " stdvar", offset at ((character units) 0, 0, 0)


	title is " max_sample", offset at ((character units) 0, 0, 0)


	title is " min_sample", offset at ((character units) 0, 0, 0)


	title is " rate", offset at ((character units) 0, 0, 0)


	title is " mean", offset at ((character units) 0, 0, 0)


	title is " stdvar", offset at ((character units) 0, 0, 0)


	title is " max_sample", offset at ((character units) 0, 0, 0)


	title is " min_sample", offset at ((character units) 0, 0, 0)

Could not find/open font when opening font "/usr/share/fonts/truetype/ttf-liberation/LiberationSans-Regular.ttf", using internal non-scalable font

	title is " rate", offset at ((character units) 0, 0, 0)


	title is " total", offset at ((character units) 0, 0, 0)


	title is " rate", offset at ((character units) 0, 0, 0)


	title is " total", offset at ((character units) 0, 0, 0)

Could not find/open font when opening font "/usr/share/fonts/truetype/ttf-liberation/LiberationSans-Regular.ttf", using internal non-scalable font

	title is " rate", offset at ((character units) 0, 0, 0)


	title is " mean", offset at ((character units) 0, 0, 0)


	title is " stdvar", offset at ((character units) 0, 0, 0)


	title is " max_sample", offset at ((character units) 0, 0, 0)


	title is " min_sample", offset at ((character units) 0, 0, 0)


	title is " rate", offset at ((character units) 0, 0, 0)


	title is " mean", offset at ((character units) 0, 0, 0)


	title is " stdvar", offset at ((character units) 0, 0, 0)


	title is " max_sample", offset at ((character units) 0, 0, 0)


	title is " min_sample", offset at ((character units) 0, 0, 0)

Could not find/open font when opening font "/usr/share/fonts/truetype/ttf-liberation/LiberationSans-Regular.ttf", using internal non-scalable font

	title is " rate", offset at ((character units) 0, 0, 0)


	title is " mean", offset at ((character units) 0, 0, 0)


	title is " stdvar", offset at ((character units) 0, 0, 0)


	title is " max_sample", offset at ((character units) 0, 0, 0)


	title is " min_sample", offset at ((character units) 0, 0, 0)


	title is " rate", offset at ((character units) 0, 0, 0)


	title is " mean", offset at ((character units) 0, 0, 0)


	title is " stdvar", offset at ((character units) 0, 0, 0)


	title is " max_sample", offset at ((character units) 0, 0, 0)


	title is " min_sample", offset at ((character units) 0, 0, 0)

Could not find/open font when opening font "/usr/share/fonts/truetype/ttf-liberation/LiberationSans-Regular.ttf", using internal non-scalable font

	title is " simultaneous", offset at ((character units) 0, 0, 0)


	title is " maximum_simultaneous", offset at ((character units) 0, 0, 0)


	title is " simultaneous", offset at ((character units) 0, 0, 0)


	title is " maximum_simultaneous", offset at ((character units) 0, 0, 0)

Could not find/open font when opening font "/usr/share/fonts/truetype/ttf-liberation/LiberationSans-Regular.ttf", using internal non-scalable font

	title is " rate", offset at ((character units) 0, 0, 0)


	title is " total", offset at ((character units) 0, 0, 0)


	title is " rate", offset at ((character units) 0, 0, 0)


	title is " total", offset at ((character units) 0, 0, 0)

Could not find/open font when opening font "/usr/share/fonts/truetype/ttf-liberation/LiberationSans-Regular.ttf", using internal non-scalable font

	title is " rate", offset at ((character units) 0, 0, 0)


	title is " total", offset at ((character units) 0, 0, 0)


	title is " rate", offset at ((character units) 0, 0, 0)


	title is " total", offset at ((character units) 0, 0, 0)

