# stats: dump at 1404833958
stats: users 0 0
# stats: dump at 1404833968
stats: users 6 7
stats: session 3 949.8304036458334 200.8870012346932 1186.68408203125 695.541015625 0 0
stats: users_count 9 9
stats: finish_users_count 3 3
stats: request 2 829.5096435546875 135.8455810546875 965.355224609375 693.6640625 0 0
stats: page 2 829.5096435546875 135.8455810546875 965.355224609375 693.6640625 0 0
stats: connect 9 2.8438856336805554 2.7492876891046816 10.615966796875 1.73095703125 0 0
stats: 200 2 2
stats: size_rcv 13632 13632
stats: size_sent 2088 2088
stats: connected 7 7
# stats: dump at 1404833978
stats: users 11 11
stats: session 6 4831.13037109375 3164.9189264451975 10831.785888671875 695.541015625 949.8304036458334 3
stats: users_count 11 20
stats: finish_users_count 6 9
stats: request 7 4308.301862444197 3194.910933729519 10827.43896484375 693.6640625 829.5096435546875 2
stats: page 7 4308.301862444197 3194.910933729519 10827.43896484375 693.6640625 829.5096435546875 2
stats: connect 11 4.074906782670454 7.17743726980495 26.77001953125 1.695068359375 2.8438856336805554 9
stats: 200 7 9
stats: size_rcv 52496 66128
stats: size_sent 2552 4640
stats: connected 4 11
# stats: dump at 1404833988
stats: users 6 11
stats: session 14 9016.744158063617 7180.273844495831 26259.613037109375 611.931884765625 3537.363715277778 9
stats: users_count 9 29
stats: finish_users_count 14 23
stats: request 14 9014.804635184151 7180.272141922704 26257.64794921875 610.06298828125 3535.2369249131943 9
stats: page 14 9014.804635184151 7180.272141922704 26257.64794921875 610.06298828125 3535.2369249131943 9
stats: connect 9 1.8878851996527777 0.14695525165085915 26.77001953125 1.635009765625 3.520947265625 20
stats: 200 14 23
stats: size_rcv 98224 164352
stats: size_sent 2088 6728
stats: connected -5 6
# stats: dump at 1404833998
stats: users 4 11
stats: session 6 9847.392211914063 7466.847771168869 26259.613037109375 611.931884765625 6872.638767408288 23
stats: users_count 4 33
stats: finish_users_count 6 29
stats: request 6 9845.270955403646 7467.147587209286 26257.64794921875 610.06298828125 6870.62596594769 23
stats: page 6 9845.270955403646 7467.147587209286 26257.64794921875 610.06298828125 6870.62596594769 23
stats: connect 4 1.80975341796875 0.05188128301189525 26.77001953125 1.635009765625 3.014134900323276 29
stats: 200 6 29
stats: size_rcv 58648 223000
stats: size_sent 928 7656
stats: connected -2 4
# stats: dump at 1404834008
stats: users 5 11
stats: session 6 5885.4110107421875 5031.98770069919 26259.613037109375 611.931884765625 7488.104997306034 29
stats: users_count 7 40
stats: finish_users_count 6 35
stats: request 6 5883.582112630208 5031.988202688448 26257.64794921875 610.06298828125 7486.069756869612 29
stats: page 6 5883.582112630208 5031.988202688448 26257.64794921875 610.06298828125 7486.069756869612 29
stats: connect 6 6.323160807291667 9.861333360018119 28.3720703125 1.635009765625 2.868149266098485 33
stats: 200 6 35
stats: size_rcv 45971 268971
stats: size_sent 1392 9048
stats: connected 0 4
# stats: dump at 1404834018
stats: users 1 11
stats: session 11 6247.55244584517 5020.269714349962 26259.613037109375 493.02392578125 7213.357456752232 35
stats: users_count 7 47
stats: finish_users_count 11 46
stats: request 11 6245.676136363636 5020.397021143624 26257.64794921875 491.072998046875 7211.357589285714 35
stats: page 11 6245.676136363636 5020.397021143624 26257.64794921875 491.072998046875 7211.357589285714 35
stats: connect 8 1.87359619140625 0.11033993212421225 28.3720703125 1.635009765625 3.399689503205128 39
stats: 200 11 46
stats: size_rcv 75974 344945
stats: size_sent 1856 10904
stats: connected -3 1
# stats: dump at 1404834028
stats: users 0 11
stats: session 2 6041.8509521484375 44.9259033203125 26259.613037109375 493.02392578125 6982.404084578804 46
stats: users_count 1 48
stats: finish_users_count 2 48
stats: request 2 6039.925537109375 44.96337890625 26257.64794921875 491.072998046875 6980.433763586957 46
stats: page 2 6039.925537109375 44.96337890625 26257.64794921875 491.072998046875 6980.433763586957 46
stats: connect 1 2.802001953125 0.0 28.3720703125 1.635009765625 3.139928939494681 47
stats: 200 2 48
stats: size_rcv 18766 363711
stats: size_sent 232 11136
stats: connected -1 0
# stats: dump at 1404834038
stats: users 0 11
stats: session 0 0 0 26259.613037109375 493.02392578125 6943.214370727539 48
stats: users_count 0 48
stats: finish_users_count 0 48
stats: request 0 0 0 26257.64794921875 491.072998046875 6941.245920817058 48
stats: page 0 0 0 26257.64794921875 491.072998046875 6941.245920817058 48
stats: connect 0 0 0 28.3720703125 1.635009765625 3.1328887939453125 48
stats: 200 0 48
stats: size_rcv 0 363711
stats: size_sent 0 11136
stats: connected 0 0
# stats: dump at 1404834048
stats: users 0 11
stats: session 0 0 0 26259.613037109375 493.02392578125 6943.214370727539 48
stats: users_count 0 48
stats: finish_users_count 0 48
stats: request 0 0 0 26257.64794921875 491.072998046875 6941.245920817058 48
stats: page 0 0 0 26257.64794921875 491.072998046875 6941.245920817058 48
stats: connect 0 0 0 28.3720703125 1.635009765625 3.1328887939453125 48
stats: 200 0 48
stats: size_rcv 0 363711
stats: size_sent 0 11136
stats: connected 0 0
# stats: dump at 1404834058
stats: users 0 11
stats: session 0 0 0 26259.613037109375 493.02392578125 6943.214370727539 48
stats: users_count 0 48
stats: finish_users_count 0 48
stats: request 0 0 0 26257.64794921875 491.072998046875 6941.245920817058 48
stats: page 0 0 0 26257.64794921875 491.072998046875 6941.245920817058 48
stats: connect 0 0 0 28.3720703125 1.635009765625 3.1328887939453125 48
stats: 200 0 48
stats: size_rcv 0 363711
stats: size_sent 0 11136
stats: connected 0 0
# stats: dump at 1404834068
stats: users 0 11
stats: session 0 0 0 26259.613037109375 493.02392578125 6943.214370727539 48
stats: users_count 0 48
stats: finish_users_count 0 48
stats: request 0 0 0 26257.64794921875 491.072998046875 6941.245920817058 48
stats: page 0 0 0 26257.64794921875 491.072998046875 6941.245920817058 48
stats: connect 0 0 0 28.3720703125 1.635009765625 3.1328887939453125 48
stats: 200 0 48
stats: size_rcv 0 363711
stats: size_sent 0 11136
stats: connected 0 0
# stats: dump at 1404834078
stats: users 0 11
stats: session 0 0 0 26259.613037109375 493.02392578125 6943.214370727539 48
stats: users_count 0 48
stats: finish_users_count 0 48
stats: request 0 0 0 26257.64794921875 491.072998046875 6941.245920817058 48
stats: page 0 0 0 26257.64794921875 491.072998046875 6941.245920817058 48
stats: connect 0 0 0 28.3720703125 1.635009765625 3.1328887939453125 48
stats: 200 0 48
stats: size_rcv 0 363711
stats: size_sent 0 11136
stats: connected 0 0
# stats: dump at 1404834079
stats: users 0 11
stats: session 0 0 0 26259.613037109375 493.02392578125 6943.214370727539 48
stats: users_count 0 48
stats: finish_users_count 0 48
stats: request 0 0 0 26257.64794921875 491.072998046875 6941.245920817058 48
stats: page 0 0 0 26257.64794921875 491.072998046875 6941.245920817058 48
stats: connect 0 0 0 28.3720703125 1.635009765625 3.1328887939453125 48
stats: 200 0 48
stats: size_rcv 0 363711
stats: size_sent 0 11136
stats: connected 0 0
EndMonitor:{1404,834079,221965}
