# stats: dump at 1404842035
stats: users 0 0
# stats: dump at 1404842045
stats: users 0 2
stats: session 9 219.93459743923611 14.843644098024303 254.452880859375 200.425048828125 0 0
stats: users_count 9 9
stats: finish_users_count 9 9
stats: request 9 217.73521592881946 14.233049970120335 250.203125 198.537109375 0 0
stats: page 9 217.73521592881946 14.233049970120335 250.203125 198.537109375 0 0
stats: connect 9 10.405192057291666 23.760782732353295 77.608154296875 1.7568359375 0 0
stats: 200 9 9
stats: size_rcv 363024 363024
stats: size_sent 2313 2313
stats: connected 0 0
# stats: dump at 1404842055
stats: users 1 2
stats: session 7 208.05939592633928 15.58656754998967 254.452880859375 178.224853515625 219.93459743923611 9
stats: users_count 8 17
stats: finish_users_count 7 16
stats: request 7 206.15345982142858 15.58526259338517 250.203125 176.328125 217.73521592881946 9
stats: page 7 206.15345982142858 15.58526259338517 250.203125 176.328125 217.73521592881946 9
stats: connect 7 2.1415318080357144 0.2721575527564434 77.608154296875 1.7568359375 10.405192057291666 9
stats: 200 7 16
stats: size_rcv 287136 650160
stats: size_sent 1799 4112
stats: connected 0 0
# stats: dump at 1404842065
stats: users 0 2
stats: session 13 228.27824519230768 30.45795552881461 281.674072265625 169.097900390625 214.73919677734375 16
stats: users_count 12 29
stats: finish_users_count 13 29
stats: request 11 234.58857865767047 24.852934032149264 279.708984375 176.328125 212.66819763183594 16
stats: page 11 234.58857865767047 24.852934032149264 279.708984375 176.328125 212.66819763183594 16
stats: connect 12 1.92327880859375 0.14724726490817117 77.608154296875 1.615966796875 6.7898406982421875 16
stats: 200 11 27
stats: size_rcv 632490 1282650
stats: size_sent 3084 7196
stats: connected 1 1
# stats: dump at 1404842075
stats: users 0 2
stats: session 11 202.167236328125 25.226669432442623 281.674072265625 166.4169921875 220.80842537715517 29
stats: users_count 11 40
stats: finish_users_count 11 40
stats: request 13 197.30780498798077 24.747474931770682 279.708984375 165.1259765625 221.5987232349537 27
stats: page 13 197.30780498798077 24.747474931770682 279.708984375 165.1259765625 221.5987232349537 27
stats: connect 12 1.94866943359375 0.17893845505681055 77.608154296875 1.615966796875 4.704171316964286 28
stats: 200 13 40
stats: size_rcv 448776 1731426
stats: size_sent 3084 10280
stats: connected -1 0
# stats: dump at 1404842085
stats: users 1 2
stats: session 9 208.43834092881946 29.918539450431467 281.674072265625 166.4169921875 215.68209838867188 40
stats: users_count 10 50
stats: finish_users_count 9 49
stats: request 8 199.3095703125 23.169202869780527 279.708984375 165.1259765625 213.7041748046875 40
stats: page 8 199.3095703125 23.169202869780527 279.708984375 165.1259765625 213.7041748046875 40
stats: connect 9 1.9151746961805556 0.1804559873262084 77.608154296875 1.615966796875 3.877520751953125 40
stats: 200 8 48
stats: size_rcv 257867 1989293
stats: size_sent 2313 12593
stats: connected 1 1
# stats: dump at 1404842095
stats: users 0 2
stats: session 16 232.18246459960938 49.01589760332689 365.072021484375 166.4169921875 214.35161232461735 49
stats: users_count 15 65
stats: finish_users_count 16 65
stats: request 16 233.7768096923828 49.311203346623905 363.18798828125 165.1259765625 211.3050740559896 48
stats: page 16 233.7768096923828 49.311203346623905 363.18798828125 165.1259765625 211.3050740559896 48
stats: connect 15 2.045296223958333 0.16985355021770662 77.608154296875 1.615966796875 3.51708984375 49
stats: 200 16 64
stats: size_rcv 728559 2717852
stats: size_sent 3855 16448
stats: connected -1 0
# stats: dump at 1404842105
stats: users 0 2
stats: session 6 228.16141764322916 25.702730290365636 365.072021484375 166.4169921875 218.74074519230768 65
stats: users_count 6 71
stats: finish_users_count 6 71
stats: request 7 223.60560825892858 24.65063341099088 363.18798828125 165.1259765625 216.9230079650879 64
stats: page 7 223.60560825892858 24.65063341099088 363.18798828125 165.1259765625 216.9230079650879 64
stats: connect 7 2.2525460379464284 0.9651875882781805 77.608154296875 1.615966796875 3.172138214111328 64
stats: 200 7 71
stats: size_rcv 250135 2967987
stats: size_sent 1799 18247
stats: connected 0 0
# stats: dump at 1404842115
stats: users 0 2
stats: session 0 0 0 365.072021484375 166.4169921875 219.53685835717428 71
stats: users_count 0 71
stats: finish_users_count 0 71
stats: request 0 0 0 363.18798828125 165.1259765625 217.58185588138204 71
stats: page 0 0 0 363.18798828125 165.1259765625 217.58185588138204 71
stats: connect 0 0 0 77.608154296875 1.615966796875 3.0814741967429575 71
stats: 200 0 71
stats: size_rcv 0 2967987
stats: size_sent 0 18247
stats: connected 0 0
# stats: dump at 1404842125
stats: users 0 2
stats: session 0 0 0 365.072021484375 166.4169921875 219.53685835717428 71
stats: users_count 0 71
stats: finish_users_count 0 71
stats: request 0 0 0 363.18798828125 165.1259765625 217.58185588138204 71
stats: page 0 0 0 363.18798828125 165.1259765625 217.58185588138204 71
stats: connect 0 0 0 77.608154296875 1.615966796875 3.0814741967429575 71
stats: 200 0 71
stats: size_rcv 0 2967987
stats: size_sent 0 18247
stats: connected 0 0
# stats: dump at 1404842135
stats: users 0 2
stats: session 0 0 0 365.072021484375 166.4169921875 219.53685835717428 71
stats: users_count 0 71
stats: finish_users_count 0 71
stats: request 0 0 0 363.18798828125 165.1259765625 217.58185588138204 71
stats: page 0 0 0 363.18798828125 165.1259765625 217.58185588138204 71
stats: connect 0 0 0 77.608154296875 1.615966796875 3.0814741967429575 71
stats: 200 0 71
stats: size_rcv 0 2967987
stats: size_sent 0 18247
stats: connected 0 0
# stats: dump at 1404842145
stats: users 0 2
stats: session 0 0 0 365.072021484375 166.4169921875 219.53685835717428 71
stats: users_count 0 71
stats: finish_users_count 0 71
stats: request 0 0 0 363.18798828125 165.1259765625 217.58185588138204 71
stats: page 0 0 0 363.18798828125 165.1259765625 217.58185588138204 71
stats: connect 0 0 0 77.608154296875 1.615966796875 3.0814741967429575 71
stats: 200 0 71
stats: size_rcv 0 2967987
stats: size_sent 0 18247
stats: connected 0 0
# stats: dump at 1404842155
stats: users 0 2
stats: session 0 0 0 365.072021484375 166.4169921875 219.53685835717428 71
stats: users_count 0 71
stats: finish_users_count 0 71
stats: request 0 0 0 363.18798828125 165.1259765625 217.58185588138204 71
stats: page 0 0 0 363.18798828125 165.1259765625 217.58185588138204 71
stats: connect 0 0 0 77.608154296875 1.615966796875 3.0814741967429575 71
stats: 200 0 71
stats: size_rcv 0 2967987
stats: size_sent 0 18247
stats: connected 0 0
# stats: dump at 1404842158
stats: users 0 2
stats: session 0 0 0 365.072021484375 166.4169921875 219.53685835717428 71
stats: users_count 0 71
stats: finish_users_count 0 71
stats: request 0 0 0 363.18798828125 165.1259765625 217.58185588138204 71
stats: page 0 0 0 363.18798828125 165.1259765625 217.58185588138204 71
stats: connect 0 0 0 77.608154296875 1.615966796875 3.0814741967429575 71
stats: 200 0 71
stats: size_rcv 0 2967987
stats: size_sent 0 18247
stats: connected 0 0
EndMonitor:{1404,842158,501039}
